[2025-04-02 03:57:12] local.ERROR: The "--post" option does not exist. {"exception":"[object] (Symfony\\Component\\Console\\Exception\\RuntimeException(code: 0): The \"--post\" option does not exist. at /Users/uewashuuwa/Desktop/React_Native_practice/social-fitness-app-laravel-docker/vendor/symfony/console/Input/ArgvInput.php:226)
[stacktrace]
#0 /Users/uewashuuwa/Desktop/React_Native_practice/social-fitness-app-laravel-docker/vendor/symfony/console/Input/ArgvInput.php(153): Symfony\\Component\\Console\\Input\\ArgvInput->addLongOption('post', '8000')
#1 /Users/uewashuuwa/Desktop/React_Native_practice/social-fitness-app-laravel-docker/vendor/symfony/console/Input/ArgvInput.php(88): Symfony\\Component\\Console\\Input\\ArgvInput->parseLongOption('--post=8000')
#2 /Users/uewashuuwa/Desktop/React_Native_practice/social-fitness-app-laravel-docker/vendor/symfony/console/Input/ArgvInput.php(77): Symfony\\Component\\Console\\Input\\ArgvInput->parseToken('--post=8000', true)
#3 /Users/uewashuuwa/Desktop/React_Native_practice/social-fitness-app-laravel-docker/vendor/symfony/console/Input/Input.php(53): Symfony\\Component\\Console\\Input\\ArgvInput->parse()
#4 /Users/uewashuuwa/Desktop/React_Native_practice/social-fitness-app-laravel-docker/vendor/symfony/console/Command/Command.php(238): Symfony\\Component\\Console\\Input\\Input->bind(Object(Symfony\\Component\\Console\\Input\\InputDefinition))
#5 /Users/uewashuuwa/Desktop/React_Native_practice/social-fitness-app-laravel-docker/vendor/laravel/framework/src/Illuminate/Console/Command.php(182): Symfony\\Component\\Console\\Command\\Command->run(Object(Symfony\\Component\\Console\\Input\\ArgvInput), Object(Illuminate\\Console\\OutputStyle))
#6 /Users/uewashuuwa/Desktop/React_Native_practice/social-fitness-app-laravel-docker/vendor/symfony/console/Application.php(1094): Illuminate\\Console\\Command->run(Object(Symfony\\Component\\Console\\Input\\ArgvInput), Object(Symfony\\Component\\Console\\Output\\ConsoleOutput))
#7 /Users/uewashuuwa/Desktop/React_Native_practice/social-fitness-app-laravel-docker/vendor/symfony/console/Application.php(342): Symfony\\Component\\Console\\Application->doRunCommand(Object(Illuminate\\Foundation\\Console\\ServeCommand), Object(Symfony\\Component\\Console\\Input\\ArgvInput), Object(Symfony\\Component\\Console\\Output\\ConsoleOutput))
#8 /Users/uewashuuwa/Desktop/React_Native_practice/social-fitness-app-laravel-docker/vendor/symfony/console/Application.php(193): Symfony\\Component\\Console\\Application->doRun(Object(Symfony\\Component\\Console\\Input\\ArgvInput), Object(Symfony\\Component\\Console\\Output\\ConsoleOutput))
#9 /Users/uewashuuwa/Desktop/React_Native_practice/social-fitness-app-laravel-docker/vendor/laravel/framework/src/Illuminate/Foundation/Console/Kernel.php(198): Symfony\\Component\\Console\\Application->run(Object(Symfony\\Component\\Console\\Input\\ArgvInput), Object(Symfony\\Component\\Console\\Output\\ConsoleOutput))
#10 /Users/uewashuuwa/Desktop/React_Native_practice/social-fitness-app-laravel-docker/artisan(35): Illuminate\\Foundation\\Console\\Kernel->handle(Object(Symfony\\Component\\Console\\Input\\ArgvInput), Object(Symfony\\Component\\Console\\Output\\ConsoleOutput))
#11 {main}
"} 
[2025-04-02 09:53:04] local.ERROR: The "--host:10.10.96.207" option does not exist. {"exception":"[object] (Symfony\\Component\\Console\\Exception\\RuntimeException(code: 0): The \"--host:10.10.96.207\" option does not exist. at /Users/uewashuuwa/Desktop/React_Native_practice/social-fitness-app-laravel-docker/vendor/symfony/console/Input/ArgvInput.php:226)
[stacktrace]
#0 /Users/uewashuuwa/Desktop/React_Native_practice/social-fitness-app-laravel-docker/vendor/symfony/console/Input/ArgvInput.php(155): Symfony\\Component\\Console\\Input\\ArgvInput->addLongOption('host:10.10.96.2...', NULL)
#1 /Users/uewashuuwa/Desktop/React_Native_practice/social-fitness-app-laravel-docker/vendor/symfony/console/Input/ArgvInput.php(88): Symfony\\Component\\Console\\Input\\ArgvInput->parseLongOption('--host:10.10.96...')
#2 /Users/uewashuuwa/Desktop/React_Native_practice/social-fitness-app-laravel-docker/vendor/symfony/console/Input/ArgvInput.php(77): Symfony\\Component\\Console\\Input\\ArgvInput->parseToken('--host:10.10.96...', true)
#3 /Users/uewashuuwa/Desktop/React_Native_practice/social-fitness-app-laravel-docker/vendor/symfony/console/Input/Input.php(53): Symfony\\Component\\Console\\Input\\ArgvInput->parse()
#4 /Users/uewashuuwa/Desktop/React_Native_practice/social-fitness-app-laravel-docker/vendor/symfony/console/Command/Command.php(238): Symfony\\Component\\Console\\Input\\Input->bind(Object(Symfony\\Component\\Console\\Input\\InputDefinition))
#5 /Users/uewashuuwa/Desktop/React_Native_practice/social-fitness-app-laravel-docker/vendor/laravel/framework/src/Illuminate/Console/Command.php(182): Symfony\\Component\\Console\\Command\\Command->run(Object(Symfony\\Component\\Console\\Input\\ArgvInput), Object(Illuminate\\Console\\OutputStyle))
#6 /Users/uewashuuwa/Desktop/React_Native_practice/social-fitness-app-laravel-docker/vendor/symfony/console/Application.php(1094): Illuminate\\Console\\Command->run(Object(Symfony\\Component\\Console\\Input\\ArgvInput), Object(Symfony\\Component\\Console\\Output\\ConsoleOutput))
#7 /Users/uewashuuwa/Desktop/React_Native_practice/social-fitness-app-laravel-docker/vendor/symfony/console/Application.php(342): Symfony\\Component\\Console\\Application->doRunCommand(Object(Illuminate\\Foundation\\Console\\ServeCommand), Object(Symfony\\Component\\Console\\Input\\ArgvInput), Object(Symfony\\Component\\Console\\Output\\ConsoleOutput))
#8 /Users/uewashuuwa/Desktop/React_Native_practice/social-fitness-app-laravel-docker/vendor/symfony/console/Application.php(193): Symfony\\Component\\Console\\Application->doRun(Object(Symfony\\Component\\Console\\Input\\ArgvInput), Object(Symfony\\Component\\Console\\Output\\ConsoleOutput))
#9 /Users/uewashuuwa/Desktop/React_Native_practice/social-fitness-app-laravel-docker/vendor/laravel/framework/src/Illuminate/Foundation/Console/Kernel.php(198): Symfony\\Component\\Console\\Application->run(Object(Symfony\\Component\\Console\\Input\\ArgvInput), Object(Symfony\\Component\\Console\\Output\\ConsoleOutput))
#10 /Users/uewashuuwa/Desktop/React_Native_practice/social-fitness-app-laravel-docker/artisan(35): Illuminate\\Foundation\\Console\\Kernel->handle(Object(Symfony\\Component\\Console\\Input\\ArgvInput), Object(Symfony\\Component\\Console\\Output\\ConsoleOutput))
#11 {main}
"} 
