[2025-03-22 17:43:27] local.ERROR: No application encryption key has been specified. {"exception":"[object] (Illuminate\\Encryption\\MissingAppKeyException(code: 0): No application encryption key has been specified. at /Users/uewashuuwa/Desktop/React_Native_practice/social-fitness-app-laravel-docker/vendor/laravel/framework/src/Illuminate/Encryption/EncryptionServiceProvider.php:83)
[stacktrace]
#0 /Users/uewashuuwa/Desktop/React_Native_practice/social-fitness-app-laravel-docker/vendor/laravel/framework/src/Illuminate/Support/helpers.php(399): Illuminate\\Encryption\\EncryptionServiceProvider->{closure:Illuminate\\Encryption\\EncryptionServiceProvider::key():81}('')
#1 /Users/uewashuuwa/Desktop/React_Native_practice/social-fitness-app-laravel-docker/vendor/laravel/framework/src/Illuminate/Encryption/EncryptionServiceProvider.php(81): tap('', Object(Closure))
#2 /Users/uewashuuwa/Desktop/React_Native_practice/social-fitness-app-laravel-docker/vendor/laravel/framework/src/Illuminate/Encryption/EncryptionServiceProvider.php(64): Illuminate\\Encryption\\EncryptionServiceProvider->key(Array)
#3 /Users/uewashuuwa/Desktop/React_Native_practice/social-fitness-app-laravel-docker/vendor/laravel/framework/src/Illuminate/Encryption/EncryptionServiceProvider.php(32): Illuminate\\Encryption\\EncryptionServiceProvider->parseKey(Array)
#4 /Users/uewashuuwa/Desktop/React_Native_practice/social-fitness-app-laravel-docker/vendor/laravel/framework/src/Illuminate/Container/Container.php(952): Illuminate\\Encryption\\EncryptionServiceProvider->{closure:Illuminate\\Encryption\\EncryptionServiceProvider::registerEncrypter():29}(Object(Illuminate\\Foundation\\Application), Array)
#5 /Users/uewashuuwa/Desktop/React_Native_practice/social-fitness-app-laravel-docker/vendor/laravel/framework/src/Illuminate/Container/Container.php(832): Illuminate\\Container\\Container->build(Object(Closure))
#6 /Users/uewashuuwa/Desktop/React_Native_practice/social-fitness-app-laravel-docker/vendor/laravel/framework/src/Illuminate/Foundation/Application.php(1078): Illuminate\\Container\\Container->resolve('encrypter', Array, true)
#7 /Users/uewashuuwa/Desktop/React_Native_practice/social-fitness-app-laravel-docker/vendor/laravel/framework/src/Illuminate/Container/Container.php(763): Illuminate\\Foundation\\Application->resolve('encrypter', Array)
#8 /Users/uewashuuwa/Desktop/React_Native_practice/social-fitness-app-laravel-docker/vendor/laravel/framework/src/Illuminate/Foundation/Application.php(1058): Illuminate\\Container\\Container->make('encrypter', Array)
#9 /Users/uewashuuwa/Desktop/React_Native_practice/social-fitness-app-laravel-docker/vendor/laravel/framework/src/Illuminate/Container/Container.php(1133): Illuminate\\Foundation\\Application->make('encrypter')
#10 /Users/uewashuuwa/Desktop/React_Native_practice/social-fitness-app-laravel-docker/vendor/laravel/framework/src/Illuminate/Container/Container.php(1043): Illuminate\\Container\\Container->resolveClass(Object(ReflectionParameter))
#11 /Users/uewashuuwa/Desktop/React_Native_practice/social-fitness-app-laravel-docker/vendor/laravel/framework/src/Illuminate/Container/Container.php(994): Illuminate\\Container\\Container->resolveDependencies(Array)
#12 /Users/uewashuuwa/Desktop/React_Native_practice/social-fitness-app-laravel-docker/vendor/laravel/framework/src/Illuminate/Container/Container.php(832): Illuminate\\Container\\Container->build('App\\\\Http\\\\Middle...')
#13 /Users/uewashuuwa/Desktop/React_Native_practice/social-fitness-app-laravel-docker/vendor/laravel/framework/src/Illuminate/Foundation/Application.php(1078): Illuminate\\Container\\Container->resolve('App\\\\Http\\\\Middle...', Array, true)
#14 /Users/uewashuuwa/Desktop/React_Native_practice/social-fitness-app-laravel-docker/vendor/laravel/framework/src/Illuminate/Container/Container.php(763): Illuminate\\Foundation\\Application->resolve('App\\\\Http\\\\Middle...', Array)
#15 /Users/uewashuuwa/Desktop/React_Native_practice/social-fitness-app-laravel-docker/vendor/laravel/framework/src/Illuminate/Foundation/Application.php(1058): Illuminate\\Container\\Container->make('App\\\\Http\\\\Middle...', Array)
#16 /Users/uewashuuwa/Desktop/React_Native_practice/social-fitness-app-laravel-docker/vendor/laravel/framework/src/Illuminate/Pipeline/Pipeline.php(198): Illuminate\\Foundation\\Application->make('App\\\\Http\\\\Middle...')
#17 /Users/uewashuuwa/Desktop/React_Native_practice/social-fitness-app-laravel-docker/vendor/laravel/framework/src/Illuminate/Pipeline/Pipeline.php(127): Illuminate\\Pipeline\\Pipeline->{closure:{closure:Illuminate\\Pipeline\\Pipeline::carry():184}:185}(Object(Illuminate\\Http\\Request))
#18 /Users/uewashuuwa/Desktop/React_Native_practice/social-fitness-app-laravel-docker/vendor/laravel/framework/src/Illuminate/Routing/Router.php(807): Illuminate\\Pipeline\\Pipeline->then(Object(Closure))
#19 /Users/uewashuuwa/Desktop/React_Native_practice/social-fitness-app-laravel-docker/vendor/laravel/framework/src/Illuminate/Routing/Router.php(786): Illuminate\\Routing\\Router->runRouteWithinStack(Object(Illuminate\\Routing\\Route), Object(Illuminate\\Http\\Request))
#20 /Users/uewashuuwa/Desktop/React_Native_practice/social-fitness-app-laravel-docker/vendor/laravel/framework/src/Illuminate/Routing/Router.php(750): Illuminate\\Routing\\Router->runRoute(Object(Illuminate\\Http\\Request), Object(Illuminate\\Routing\\Route))
#21 /Users/uewashuuwa/Desktop/React_Native_practice/social-fitness-app-laravel-docker/vendor/laravel/framework/src/Illuminate/Routing/Router.php(739): Illuminate\\Routing\\Router->dispatchToRoute(Object(Illuminate\\Http\\Request))
#22 /Users/uewashuuwa/Desktop/React_Native_practice/social-fitness-app-laravel-docker/vendor/laravel/framework/src/Illuminate/Foundation/Http/Kernel.php(201): Illuminate\\Routing\\Router->dispatch(Object(Illuminate\\Http\\Request))
#23 /Users/uewashuuwa/Desktop/React_Native_practice/social-fitness-app-laravel-docker/vendor/laravel/framework/src/Illuminate/Pipeline/Pipeline.php(170): Illuminate\\Foundation\\Http\\Kernel->{closure:Illuminate\\Foundation\\Http\\Kernel::dispatchToRouter():198}(Object(Illuminate\\Http\\Request))
#24 /Users/uewashuuwa/Desktop/React_Native_practice/social-fitness-app-laravel-docker/vendor/laravel/framework/src/Illuminate/Http/Middleware/TrustProxies.php(58): Illuminate\\Pipeline\\Pipeline->{closure:Illuminate\\Pipeline\\Pipeline::prepareDestination():168}(Object(Illuminate\\Http\\Request))
#25 /Users/uewashuuwa/Desktop/React_Native_practice/social-fitness-app-laravel-docker/vendor/laravel/framework/src/Illuminate/Pipeline/Pipeline.php(209): Illuminate\\Http\\Middleware\\TrustProxies->handle(Object(Illuminate\\Http\\Request), Object(Closure))
#26 /Users/uewashuuwa/Desktop/React_Native_practice/social-fitness-app-laravel-docker/vendor/laravel/framework/src/Illuminate/Foundation/Http/Middleware/TransformsRequest.php(21): Illuminate\\Pipeline\\Pipeline->{closure:{closure:Illuminate\\Pipeline\\Pipeline::carry():184}:185}(Object(Illuminate\\Http\\Request))
#27 /Users/uewashuuwa/Desktop/React_Native_practice/social-fitness-app-laravel-docker/vendor/laravel/framework/src/Illuminate/Foundation/Http/Middleware/ConvertEmptyStringsToNull.php(31): Illuminate\\Foundation\\Http\\Middleware\\TransformsRequest->handle(Object(Illuminate\\Http\\Request), Object(Closure))
#28 /Users/uewashuuwa/Desktop/React_Native_practice/social-fitness-app-laravel-docker/vendor/laravel/framework/src/Illuminate/Pipeline/Pipeline.php(209): Illuminate\\Foundation\\Http\\Middleware\\ConvertEmptyStringsToNull->handle(Object(Illuminate\\Http\\Request), Object(Closure))
#29 /Users/uewashuuwa/Desktop/React_Native_practice/social-fitness-app-laravel-docker/vendor/laravel/framework/src/Illuminate/Foundation/Http/Middleware/TransformsRequest.php(21): Illuminate\\Pipeline\\Pipeline->{closure:{closure:Illuminate\\Pipeline\\Pipeline::carry():184}:185}(Object(Illuminate\\Http\\Request))
#30 /Users/uewashuuwa/Desktop/React_Native_practice/social-fitness-app-laravel-docker/vendor/laravel/framework/src/Illuminate/Foundation/Http/Middleware/TrimStrings.php(51): Illuminate\\Foundation\\Http\\Middleware\\TransformsRequest->handle(Object(Illuminate\\Http\\Request), Object(Closure))
#31 /Users/uewashuuwa/Desktop/React_Native_practice/social-fitness-app-laravel-docker/vendor/laravel/framework/src/Illuminate/Pipeline/Pipeline.php(209): Illuminate\\Foundation\\Http\\Middleware\\TrimStrings->handle(Object(Illuminate\\Http\\Request), Object(Closure))
#32 /Users/uewashuuwa/Desktop/React_Native_practice/social-fitness-app-laravel-docker/vendor/laravel/framework/src/Illuminate/Http/Middleware/ValidatePostSize.php(27): Illuminate\\Pipeline\\Pipeline->{closure:{closure:Illuminate\\Pipeline\\Pipeline::carry():184}:185}(Object(Illuminate\\Http\\Request))
#33 /Users/uewashuuwa/Desktop/React_Native_practice/social-fitness-app-laravel-docker/vendor/laravel/framework/src/Illuminate/Pipeline/Pipeline.php(209): Illuminate\\Http\\Middleware\\ValidatePostSize->handle(Object(Illuminate\\Http\\Request), Object(Closure))
#34 /Users/uewashuuwa/Desktop/React_Native_practice/social-fitness-app-laravel-docker/vendor/laravel/framework/src/Illuminate/Foundation/Http/Middleware/PreventRequestsDuringMaintenance.php(110): Illuminate\\Pipeline\\Pipeline->{closure:{closure:Illuminate\\Pipeline\\Pipeline::carry():184}:185}(Object(Illuminate\\Http\\Request))
#35 /Users/uewashuuwa/Desktop/React_Native_practice/social-fitness-app-laravel-docker/vendor/laravel/framework/src/Illuminate/Pipeline/Pipeline.php(209): Illuminate\\Foundation\\Http\\Middleware\\PreventRequestsDuringMaintenance->handle(Object(Illuminate\\Http\\Request), Object(Closure))
#36 /Users/uewashuuwa/Desktop/React_Native_practice/social-fitness-app-laravel-docker/vendor/laravel/framework/src/Illuminate/Pipeline/Pipeline.php(127): Illuminate\\Pipeline\\Pipeline->{closure:{closure:Illuminate\\Pipeline\\Pipeline::carry():184}:185}(Object(Illuminate\\Http\\Request))
#37 /Users/uewashuuwa/Desktop/React_Native_practice/social-fitness-app-laravel-docker/vendor/laravel/framework/src/Illuminate/Foundation/Http/Kernel.php(176): Illuminate\\Pipeline\\Pipeline->then(Object(Closure))
#38 /Users/uewashuuwa/Desktop/React_Native_practice/social-fitness-app-laravel-docker/vendor/laravel/framework/src/Illuminate/Foundation/Http/Kernel.php(145): Illuminate\\Foundation\\Http\\Kernel->sendRequestThroughRouter(Object(Illuminate\\Http\\Request))
#39 /Users/uewashuuwa/Desktop/React_Native_practice/social-fitness-app-laravel-docker/public/index.php(54): Illuminate\\Foundation\\Http\\Kernel->handle(Object(Illuminate\\Http\\Request))
#40 /Users/uewashuuwa/Desktop/React_Native_practice/social-fitness-app-laravel-docker/server.php(21): require_once('/Users/uewashuu...')
#41 {main}
"} 
[2025-03-22 17:43:28] local.ERROR: No application encryption key has been specified. {"exception":"[object] (Illuminate\\Encryption\\MissingAppKeyException(code: 0): No application encryption key has been specified. at /Users/uewashuuwa/Desktop/React_Native_practice/social-fitness-app-laravel-docker/vendor/laravel/framework/src/Illuminate/Encryption/EncryptionServiceProvider.php:83)
[stacktrace]
#0 /Users/uewashuuwa/Desktop/React_Native_practice/social-fitness-app-laravel-docker/vendor/laravel/framework/src/Illuminate/Support/helpers.php(399): Illuminate\\Encryption\\EncryptionServiceProvider->{closure:Illuminate\\Encryption\\EncryptionServiceProvider::key():81}('')
#1 /Users/uewashuuwa/Desktop/React_Native_practice/social-fitness-app-laravel-docker/vendor/laravel/framework/src/Illuminate/Encryption/EncryptionServiceProvider.php(81): tap('', Object(Closure))
#2 /Users/uewashuuwa/Desktop/React_Native_practice/social-fitness-app-laravel-docker/vendor/laravel/framework/src/Illuminate/Encryption/EncryptionServiceProvider.php(64): Illuminate\\Encryption\\EncryptionServiceProvider->key(Array)
#3 /Users/uewashuuwa/Desktop/React_Native_practice/social-fitness-app-laravel-docker/vendor/laravel/framework/src/Illuminate/Encryption/EncryptionServiceProvider.php(32): Illuminate\\Encryption\\EncryptionServiceProvider->parseKey(Array)
#4 /Users/uewashuuwa/Desktop/React_Native_practice/social-fitness-app-laravel-docker/vendor/laravel/framework/src/Illuminate/Container/Container.php(952): Illuminate\\Encryption\\EncryptionServiceProvider->{closure:Illuminate\\Encryption\\EncryptionServiceProvider::registerEncrypter():29}(Object(Illuminate\\Foundation\\Application), Array)
#5 /Users/uewashuuwa/Desktop/React_Native_practice/social-fitness-app-laravel-docker/vendor/laravel/framework/src/Illuminate/Container/Container.php(832): Illuminate\\Container\\Container->build(Object(Closure))
#6 /Users/uewashuuwa/Desktop/React_Native_practice/social-fitness-app-laravel-docker/vendor/laravel/framework/src/Illuminate/Foundation/Application.php(1078): Illuminate\\Container\\Container->resolve('encrypter', Array, true)
#7 /Users/uewashuuwa/Desktop/React_Native_practice/social-fitness-app-laravel-docker/vendor/laravel/framework/src/Illuminate/Container/Container.php(763): Illuminate\\Foundation\\Application->resolve('encrypter', Array)
#8 /Users/uewashuuwa/Desktop/React_Native_practice/social-fitness-app-laravel-docker/vendor/laravel/framework/src/Illuminate/Foundation/Application.php(1058): Illuminate\\Container\\Container->make('encrypter', Array)
#9 /Users/uewashuuwa/Desktop/React_Native_practice/social-fitness-app-laravel-docker/vendor/laravel/framework/src/Illuminate/Container/Container.php(1133): Illuminate\\Foundation\\Application->make('encrypter')
#10 /Users/uewashuuwa/Desktop/React_Native_practice/social-fitness-app-laravel-docker/vendor/laravel/framework/src/Illuminate/Container/Container.php(1043): Illuminate\\Container\\Container->resolveClass(Object(ReflectionParameter))
#11 /Users/uewashuuwa/Desktop/React_Native_practice/social-fitness-app-laravel-docker/vendor/laravel/framework/src/Illuminate/Container/Container.php(994): Illuminate\\Container\\Container->resolveDependencies(Array)
#12 /Users/uewashuuwa/Desktop/React_Native_practice/social-fitness-app-laravel-docker/vendor/laravel/framework/src/Illuminate/Container/Container.php(832): Illuminate\\Container\\Container->build('App\\\\Http\\\\Middle...')
#13 /Users/uewashuuwa/Desktop/React_Native_practice/social-fitness-app-laravel-docker/vendor/laravel/framework/src/Illuminate/Foundation/Application.php(1078): Illuminate\\Container\\Container->resolve('App\\\\Http\\\\Middle...', Array, true)
#14 /Users/uewashuuwa/Desktop/React_Native_practice/social-fitness-app-laravel-docker/vendor/laravel/framework/src/Illuminate/Container/Container.php(763): Illuminate\\Foundation\\Application->resolve('App\\\\Http\\\\Middle...', Array)
#15 /Users/uewashuuwa/Desktop/React_Native_practice/social-fitness-app-laravel-docker/vendor/laravel/framework/src/Illuminate/Foundation/Application.php(1058): Illuminate\\Container\\Container->make('App\\\\Http\\\\Middle...', Array)
#16 /Users/uewashuuwa/Desktop/React_Native_practice/social-fitness-app-laravel-docker/vendor/laravel/framework/src/Illuminate/Foundation/Http/Kernel.php(258): Illuminate\\Foundation\\Application->make('App\\\\Http\\\\Middle...')
#17 /Users/uewashuuwa/Desktop/React_Native_practice/social-fitness-app-laravel-docker/vendor/laravel/framework/src/Illuminate/Foundation/Http/Kernel.php(216): Illuminate\\Foundation\\Http\\Kernel->terminateMiddleware(Object(Illuminate\\Http\\Request), Object(Illuminate\\Http\\Response))
#18 /Users/uewashuuwa/Desktop/React_Native_practice/social-fitness-app-laravel-docker/public/index.php(60): Illuminate\\Foundation\\Http\\Kernel->terminate(Object(Illuminate\\Http\\Request), Object(Illuminate\\Http\\Response))
#19 /Users/uewashuuwa/Desktop/React_Native_practice/social-fitness-app-laravel-docker/server.php(21): require_once('/Users/uewashuu...')
#20 {main}
"} 
[2025-03-22 18:59:13] local.ERROR: Class "App\Http\Controllers\posts" does not exist {"exception":"[object] (ReflectionException(code: -1): Class \"App\\Http\\Controllers\\posts\" does not exist at /Users/uewashuuwa/Desktop/React_Native_practice/social-fitness-app-laravel-docker/vendor/laravel/framework/src/Illuminate/Foundation/Console/RouteListCommand.php:235)
[stacktrace]
#0 /Users/uewashuuwa/Desktop/React_Native_practice/social-fitness-app-laravel-docker/vendor/laravel/framework/src/Illuminate/Foundation/Console/RouteListCommand.php(235): ReflectionClass->__construct('App\\\\Http\\\\Contro...')
#1 /Users/uewashuuwa/Desktop/React_Native_practice/social-fitness-app-laravel-docker/vendor/laravel/framework/src/Illuminate/Foundation/Console/RouteListCommand.php(149): Illuminate\\Foundation\\Console\\RouteListCommand->isVendorRoute(Object(Illuminate\\Routing\\Route))
#2 /Users/uewashuuwa/Desktop/React_Native_practice/social-fitness-app-laravel-docker/vendor/laravel/framework/src/Illuminate/Foundation/Console/RouteListCommand.php(118): Illuminate\\Foundation\\Console\\RouteListCommand->getRouteInformation(Object(Illuminate\\Routing\\Route))
#3 [internal function]: Illuminate\\Foundation\\Console\\RouteListCommand->{closure:Illuminate\\Foundation\\Console\\RouteListCommand::getRoutes():117}(Object(Illuminate\\Routing\\Route), 2)
#4 /Users/uewashuuwa/Desktop/React_Native_practice/social-fitness-app-laravel-docker/vendor/laravel/framework/src/Illuminate/Collections/Arr.php(609): array_map(Object(Closure), Array, Array)
#5 /Users/uewashuuwa/Desktop/React_Native_practice/social-fitness-app-laravel-docker/vendor/laravel/framework/src/Illuminate/Collections/Collection.php(799): Illuminate\\Support\\Arr::map(Array, Object(Closure))
#6 /Users/uewashuuwa/Desktop/React_Native_practice/social-fitness-app-laravel-docker/vendor/laravel/framework/src/Illuminate/Foundation/Console/RouteListCommand.php(117): Illuminate\\Support\\Collection->map(Object(Closure))
#7 /Users/uewashuuwa/Desktop/React_Native_practice/social-fitness-app-laravel-docker/vendor/laravel/framework/src/Illuminate/Foundation/Console/RouteListCommand.php(103): Illuminate\\Foundation\\Console\\RouteListCommand->getRoutes()
#8 /Users/uewashuuwa/Desktop/React_Native_practice/social-fitness-app-laravel-docker/vendor/laravel/framework/src/Illuminate/Container/BoundMethod.php(36): Illuminate\\Foundation\\Console\\RouteListCommand->handle()
#9 /Users/uewashuuwa/Desktop/React_Native_practice/social-fitness-app-laravel-docker/vendor/laravel/framework/src/Illuminate/Container/Util.php(43): Illuminate\\Container\\BoundMethod::{closure:Illuminate\\Container\\BoundMethod::call():35}()
#10 /Users/uewashuuwa/Desktop/React_Native_practice/social-fitness-app-laravel-docker/vendor/laravel/framework/src/Illuminate/Container/BoundMethod.php(95): Illuminate\\Container\\Util::unwrapIfClosure(Object(Closure))
#11 /Users/uewashuuwa/Desktop/React_Native_practice/social-fitness-app-laravel-docker/vendor/laravel/framework/src/Illuminate/Container/BoundMethod.php(35): Illuminate\\Container\\BoundMethod::callBoundMethod(Object(Illuminate\\Foundation\\Application), Array, Object(Closure))
#12 /Users/uewashuuwa/Desktop/React_Native_practice/social-fitness-app-laravel-docker/vendor/laravel/framework/src/Illuminate/Container/Container.php(696): Illuminate\\Container\\BoundMethod::call(Object(Illuminate\\Foundation\\Application), Array, Array, NULL)
#13 /Users/uewashuuwa/Desktop/React_Native_practice/social-fitness-app-laravel-docker/vendor/laravel/framework/src/Illuminate/Console/Command.php(213): Illuminate\\Container\\Container->call(Array)
#14 /Users/uewashuuwa/Desktop/React_Native_practice/social-fitness-app-laravel-docker/vendor/symfony/console/Command/Command.php(279): Illuminate\\Console\\Command->execute(Object(Symfony\\Component\\Console\\Input\\ArgvInput), Object(Illuminate\\Console\\OutputStyle))
#15 /Users/uewashuuwa/Desktop/React_Native_practice/social-fitness-app-laravel-docker/vendor/laravel/framework/src/Illuminate/Console/Command.php(182): Symfony\\Component\\Console\\Command\\Command->run(Object(Symfony\\Component\\Console\\Input\\ArgvInput), Object(Illuminate\\Console\\OutputStyle))
#16 /Users/uewashuuwa/Desktop/React_Native_practice/social-fitness-app-laravel-docker/vendor/symfony/console/Application.php(1094): Illuminate\\Console\\Command->run(Object(Symfony\\Component\\Console\\Input\\ArgvInput), Object(Symfony\\Component\\Console\\Output\\ConsoleOutput))
#17 /Users/uewashuuwa/Desktop/React_Native_practice/social-fitness-app-laravel-docker/vendor/symfony/console/Application.php(342): Symfony\\Component\\Console\\Application->doRunCommand(Object(Illuminate\\Foundation\\Console\\RouteListCommand), Object(Symfony\\Component\\Console\\Input\\ArgvInput), Object(Symfony\\Component\\Console\\Output\\ConsoleOutput))
#18 /Users/uewashuuwa/Desktop/React_Native_practice/social-fitness-app-laravel-docker/vendor/symfony/console/Application.php(193): Symfony\\Component\\Console\\Application->doRun(Object(Symfony\\Component\\Console\\Input\\ArgvInput), Object(Symfony\\Component\\Console\\Output\\ConsoleOutput))
#19 /Users/uewashuuwa/Desktop/React_Native_practice/social-fitness-app-laravel-docker/vendor/laravel/framework/src/Illuminate/Foundation/Console/Kernel.php(198): Symfony\\Component\\Console\\Application->run(Object(Symfony\\Component\\Console\\Input\\ArgvInput), Object(Symfony\\Component\\Console\\Output\\ConsoleOutput))
#20 /Users/uewashuuwa/Desktop/React_Native_practice/social-fitness-app-laravel-docker/artisan(35): Illuminate\\Foundation\\Console\\Kernel->handle(Object(Symfony\\Component\\Console\\Input\\ArgvInput), Object(Symfony\\Component\\Console\\Output\\ConsoleOutput))
#21 {main}
"} 
[2025-03-22 19:00:07] local.ERROR: Illuminate\Routing\Router::apiResources(): Argument #1 ($resources) must be of type array, string given, called in /Users/uewashuuwa/Desktop/React_Native_practice/social-fitness-app-laravel-docker/vendor/laravel/framework/src/Illuminate/Support/Facades/Facade.php on line 361 {"exception":"[object] (TypeError(code: 0): Illuminate\\Routing\\Router::apiResources(): Argument #1 ($resources) must be of type array, string given, called in /Users/uewashuuwa/Desktop/React_Native_practice/social-fitness-app-laravel-docker/vendor/laravel/framework/src/Illuminate/Support/Facades/Facade.php on line 361 at /Users/uewashuuwa/Desktop/React_Native_practice/social-fitness-app-laravel-docker/vendor/laravel/framework/src/Illuminate/Routing/Router.php:354)
[stacktrace]
#0 /Users/uewashuuwa/Desktop/React_Native_practice/social-fitness-app-laravel-docker/vendor/laravel/framework/src/Illuminate/Support/Facades/Facade.php(361): Illuminate\\Routing\\Router->apiResources('posts', 'PostController')
#1 /Users/uewashuuwa/Desktop/React_Native_practice/social-fitness-app-laravel-docker/routes/api.php(20): Illuminate\\Support\\Facades\\Facade::__callStatic('apiResources', Array)
#2 /Users/uewashuuwa/Desktop/React_Native_practice/social-fitness-app-laravel-docker/vendor/laravel/framework/src/Illuminate/Routing/RouteFileRegistrar.php(35): require('/Users/uewashuu...')
#3 /Users/uewashuuwa/Desktop/React_Native_practice/social-fitness-app-laravel-docker/vendor/laravel/framework/src/Illuminate/Routing/Router.php(513): Illuminate\\Routing\\RouteFileRegistrar->register('/Users/uewashuu...')
#4 /Users/uewashuuwa/Desktop/React_Native_practice/social-fitness-app-laravel-docker/vendor/laravel/framework/src/Illuminate/Routing/Router.php(467): Illuminate\\Routing\\Router->loadRoutes('/Users/uewashuu...')
#5 /Users/uewashuuwa/Desktop/React_Native_practice/social-fitness-app-laravel-docker/vendor/laravel/framework/src/Illuminate/Routing/RouteRegistrar.php(207): Illuminate\\Routing\\Router->group(Array, '/Users/uewashuu...')
#6 /Users/uewashuuwa/Desktop/React_Native_practice/social-fitness-app-laravel-docker/app/Providers/RouteServiceProvider.php(71): Illuminate\\Routing\\RouteRegistrar->group('/Users/uewashuu...')
#7 /Users/uewashuuwa/Desktop/React_Native_practice/social-fitness-app-laravel-docker/app/Providers/RouteServiceProvider.php(38): App\\Providers\\RouteServiceProvider->mapApiRoutes()
#8 /Users/uewashuuwa/Desktop/React_Native_practice/social-fitness-app-laravel-docker/vendor/laravel/framework/src/Illuminate/Container/BoundMethod.php(36): App\\Providers\\RouteServiceProvider->map()
#9 /Users/uewashuuwa/Desktop/React_Native_practice/social-fitness-app-laravel-docker/vendor/laravel/framework/src/Illuminate/Container/Util.php(43): Illuminate\\Container\\BoundMethod::{closure:Illuminate\\Container\\BoundMethod::call():35}()
#10 /Users/uewashuuwa/Desktop/React_Native_practice/social-fitness-app-laravel-docker/vendor/laravel/framework/src/Illuminate/Container/BoundMethod.php(95): Illuminate\\Container\\Util::unwrapIfClosure(Object(Closure))
#11 /Users/uewashuuwa/Desktop/React_Native_practice/social-fitness-app-laravel-docker/vendor/laravel/framework/src/Illuminate/Container/BoundMethod.php(35): Illuminate\\Container\\BoundMethod::callBoundMethod(Object(Illuminate\\Foundation\\Application), Array, Object(Closure))
#12 /Users/uewashuuwa/Desktop/React_Native_practice/social-fitness-app-laravel-docker/vendor/laravel/framework/src/Illuminate/Container/Container.php(696): Illuminate\\Container\\BoundMethod::call(Object(Illuminate\\Foundation\\Application), Array, Array, NULL)
#13 /Users/uewashuuwa/Desktop/React_Native_practice/social-fitness-app-laravel-docker/vendor/laravel/framework/src/Illuminate/Foundation/Support/Providers/RouteServiceProvider.php(168): Illuminate\\Container\\Container->call(Array)
#14 /Users/uewashuuwa/Desktop/React_Native_practice/social-fitness-app-laravel-docker/vendor/laravel/framework/src/Illuminate/Foundation/Support/Providers/RouteServiceProvider.php(59): Illuminate\\Foundation\\Support\\Providers\\RouteServiceProvider->loadRoutes()
#15 /Users/uewashuuwa/Desktop/React_Native_practice/social-fitness-app-laravel-docker/vendor/laravel/framework/src/Illuminate/Container/BoundMethod.php(36): Illuminate\\Foundation\\Support\\Providers\\RouteServiceProvider->{closure:Illuminate\\Foundation\\Support\\Providers\\RouteServiceProvider::register():53}()
#16 /Users/uewashuuwa/Desktop/React_Native_practice/social-fitness-app-laravel-docker/vendor/laravel/framework/src/Illuminate/Container/Util.php(43): Illuminate\\Container\\BoundMethod::{closure:Illuminate\\Container\\BoundMethod::call():35}()
#17 /Users/uewashuuwa/Desktop/React_Native_practice/social-fitness-app-laravel-docker/vendor/laravel/framework/src/Illuminate/Container/BoundMethod.php(83): Illuminate\\Container\\Util::unwrapIfClosure(Object(Closure))
#18 /Users/uewashuuwa/Desktop/React_Native_practice/social-fitness-app-laravel-docker/vendor/laravel/framework/src/Illuminate/Container/BoundMethod.php(35): Illuminate\\Container\\BoundMethod::callBoundMethod(Object(Illuminate\\Foundation\\Application), Object(Closure), Object(Closure))
#19 /Users/uewashuuwa/Desktop/React_Native_practice/social-fitness-app-laravel-docker/vendor/laravel/framework/src/Illuminate/Container/Container.php(696): Illuminate\\Container\\BoundMethod::call(Object(Illuminate\\Foundation\\Application), Object(Closure), Array, NULL)
#20 /Users/uewashuuwa/Desktop/React_Native_practice/social-fitness-app-laravel-docker/vendor/laravel/framework/src/Illuminate/Support/ServiceProvider.php(144): Illuminate\\Container\\Container->call(Object(Closure))
#21 /Users/uewashuuwa/Desktop/React_Native_practice/social-fitness-app-laravel-docker/vendor/laravel/framework/src/Illuminate/Foundation/Application.php(1154): Illuminate\\Support\\ServiceProvider->callBootedCallbacks()
#22 /Users/uewashuuwa/Desktop/React_Native_practice/social-fitness-app-laravel-docker/vendor/laravel/framework/src/Illuminate/Foundation/Application.php(1132): Illuminate\\Foundation\\Application->bootProvider(Object(App\\Providers\\RouteServiceProvider))
#23 [internal function]: Illuminate\\Foundation\\Application->{closure:Illuminate\\Foundation\\Application::boot():1131}(Object(App\\Providers\\RouteServiceProvider), 'App\\\\Providers\\\\R...')
#24 /Users/uewashuuwa/Desktop/React_Native_practice/social-fitness-app-laravel-docker/vendor/laravel/framework/src/Illuminate/Foundation/Application.php(1131): array_walk(Array, Object(Closure))
#25 /Users/uewashuuwa/Desktop/React_Native_practice/social-fitness-app-laravel-docker/vendor/laravel/framework/src/Illuminate/Foundation/Bootstrap/BootProviders.php(17): Illuminate\\Foundation\\Application->boot()
#26 /Users/uewashuuwa/Desktop/React_Native_practice/social-fitness-app-laravel-docker/vendor/laravel/framework/src/Illuminate/Foundation/Application.php(342): Illuminate\\Foundation\\Bootstrap\\BootProviders->bootstrap(Object(Illuminate\\Foundation\\Application))
#27 /Users/uewashuuwa/Desktop/React_Native_practice/social-fitness-app-laravel-docker/vendor/laravel/framework/src/Illuminate/Foundation/Console/Kernel.php(474): Illuminate\\Foundation\\Application->bootstrapWith(Array)
#28 /Users/uewashuuwa/Desktop/React_Native_practice/social-fitness-app-laravel-docker/vendor/laravel/framework/src/Illuminate/Foundation/Console/Kernel.php(196): Illuminate\\Foundation\\Console\\Kernel->bootstrap()
#29 /Users/uewashuuwa/Desktop/React_Native_practice/social-fitness-app-laravel-docker/artisan(35): Illuminate\\Foundation\\Console\\Kernel->handle(Object(Symfony\\Component\\Console\\Input\\ArgvInput), Object(Symfony\\Component\\Console\\Output\\ConsoleOutput))
#30 {main}
"} 
[2025-03-22 20:24:47] local.ERROR: Call to a member function createToken() on null {"exception":"[object] (Error(code: 0): Call to a member function createToken() on null at /Users/uewashuuwa/Desktop/React_Native_practice/social-fitness-app-laravel-docker/app/Http/Controllers/AuthController.php:17)
[stacktrace]
#0 /Users/uewashuuwa/Desktop/React_Native_practice/social-fitness-app-laravel-docker/vendor/laravel/framework/src/Illuminate/Routing/Controller.php(54): App\\Http\\Controllers\\AuthController->register(Object(Illuminate\\Http\\Request))
#1 /Users/uewashuuwa/Desktop/React_Native_practice/social-fitness-app-laravel-docker/vendor/laravel/framework/src/Illuminate/Routing/ControllerDispatcher.php(44): Illuminate\\Routing\\Controller->callAction('register', Array)
#2 /Users/uewashuuwa/Desktop/React_Native_practice/social-fitness-app-laravel-docker/vendor/laravel/framework/src/Illuminate/Routing/Route.php(266): Illuminate\\Routing\\ControllerDispatcher->dispatch(Object(Illuminate\\Routing\\Route), Object(App\\Http\\Controllers\\AuthController), 'register')
#3 /Users/uewashuuwa/Desktop/React_Native_practice/social-fitness-app-laravel-docker/vendor/laravel/framework/src/Illuminate/Routing/Route.php(212): Illuminate\\Routing\\Route->runController()
#4 /Users/uewashuuwa/Desktop/React_Native_practice/social-fitness-app-laravel-docker/vendor/laravel/framework/src/Illuminate/Routing/Router.php(808): Illuminate\\Routing\\Route->run()
#5 /Users/uewashuuwa/Desktop/React_Native_practice/social-fitness-app-laravel-docker/vendor/laravel/framework/src/Illuminate/Pipeline/Pipeline.php(170): Illuminate\\Routing\\Router->{closure:Illuminate\\Routing\\Router::runRouteWithinStack():807}(Object(Illuminate\\Http\\Request))
#6 /Users/uewashuuwa/Desktop/React_Native_practice/social-fitness-app-laravel-docker/vendor/laravel/framework/src/Illuminate/Routing/Middleware/SubstituteBindings.php(51): Illuminate\\Pipeline\\Pipeline->{closure:Illuminate\\Pipeline\\Pipeline::prepareDestination():168}(Object(Illuminate\\Http\\Request))
#7 /Users/uewashuuwa/Desktop/React_Native_practice/social-fitness-app-laravel-docker/vendor/laravel/framework/src/Illuminate/Pipeline/Pipeline.php(209): Illuminate\\Routing\\Middleware\\SubstituteBindings->handle(Object(Illuminate\\Http\\Request), Object(Closure))
#8 /Users/uewashuuwa/Desktop/React_Native_practice/social-fitness-app-laravel-docker/vendor/laravel/framework/src/Illuminate/Routing/Middleware/ThrottleRequests.php(161): Illuminate\\Pipeline\\Pipeline->{closure:{closure:Illuminate\\Pipeline\\Pipeline::carry():184}:185}(Object(Illuminate\\Http\\Request))
#9 /Users/uewashuuwa/Desktop/React_Native_practice/social-fitness-app-laravel-docker/vendor/laravel/framework/src/Illuminate/Routing/Middleware/ThrottleRequests.php(92): Illuminate\\Routing\\Middleware\\ThrottleRequests->handleRequest(Object(Illuminate\\Http\\Request), Object(Closure), Array)
#10 /Users/uewashuuwa/Desktop/React_Native_practice/social-fitness-app-laravel-docker/vendor/laravel/framework/src/Illuminate/Pipeline/Pipeline.php(209): Illuminate\\Routing\\Middleware\\ThrottleRequests->handle(Object(Illuminate\\Http\\Request), Object(Closure), '60', '1')
#11 /Users/uewashuuwa/Desktop/React_Native_practice/social-fitness-app-laravel-docker/vendor/laravel/framework/src/Illuminate/Pipeline/Pipeline.php(127): Illuminate\\Pipeline\\Pipeline->{closure:{closure:Illuminate\\Pipeline\\Pipeline::carry():184}:185}(Object(Illuminate\\Http\\Request))
#12 /Users/uewashuuwa/Desktop/React_Native_practice/social-fitness-app-laravel-docker/vendor/laravel/framework/src/Illuminate/Routing/Router.php(807): Illuminate\\Pipeline\\Pipeline->then(Object(Closure))
#13 /Users/uewashuuwa/Desktop/React_Native_practice/social-fitness-app-laravel-docker/vendor/laravel/framework/src/Illuminate/Routing/Router.php(786): Illuminate\\Routing\\Router->runRouteWithinStack(Object(Illuminate\\Routing\\Route), Object(Illuminate\\Http\\Request))
#14 /Users/uewashuuwa/Desktop/React_Native_practice/social-fitness-app-laravel-docker/vendor/laravel/framework/src/Illuminate/Routing/Router.php(750): Illuminate\\Routing\\Router->runRoute(Object(Illuminate\\Http\\Request), Object(Illuminate\\Routing\\Route))
#15 /Users/uewashuuwa/Desktop/React_Native_practice/social-fitness-app-laravel-docker/vendor/laravel/framework/src/Illuminate/Routing/Router.php(739): Illuminate\\Routing\\Router->dispatchToRoute(Object(Illuminate\\Http\\Request))
#16 /Users/uewashuuwa/Desktop/React_Native_practice/social-fitness-app-laravel-docker/vendor/laravel/framework/src/Illuminate/Foundation/Http/Kernel.php(201): Illuminate\\Routing\\Router->dispatch(Object(Illuminate\\Http\\Request))
#17 /Users/uewashuuwa/Desktop/React_Native_practice/social-fitness-app-laravel-docker/vendor/laravel/framework/src/Illuminate/Pipeline/Pipeline.php(170): Illuminate\\Foundation\\Http\\Kernel->{closure:Illuminate\\Foundation\\Http\\Kernel::dispatchToRouter():198}(Object(Illuminate\\Http\\Request))
#18 /Users/uewashuuwa/Desktop/React_Native_practice/social-fitness-app-laravel-docker/vendor/laravel/framework/src/Illuminate/Http/Middleware/TrustProxies.php(58): Illuminate\\Pipeline\\Pipeline->{closure:Illuminate\\Pipeline\\Pipeline::prepareDestination():168}(Object(Illuminate\\Http\\Request))
#19 /Users/uewashuuwa/Desktop/React_Native_practice/social-fitness-app-laravel-docker/vendor/laravel/framework/src/Illuminate/Pipeline/Pipeline.php(209): Illuminate\\Http\\Middleware\\TrustProxies->handle(Object(Illuminate\\Http\\Request), Object(Closure))
#20 /Users/uewashuuwa/Desktop/React_Native_practice/social-fitness-app-laravel-docker/vendor/laravel/framework/src/Illuminate/Foundation/Http/Middleware/TransformsRequest.php(21): Illuminate\\Pipeline\\Pipeline->{closure:{closure:Illuminate\\Pipeline\\Pipeline::carry():184}:185}(Object(Illuminate\\Http\\Request))
#21 /Users/uewashuuwa/Desktop/React_Native_practice/social-fitness-app-laravel-docker/vendor/laravel/framework/src/Illuminate/Foundation/Http/Middleware/ConvertEmptyStringsToNull.php(31): Illuminate\\Foundation\\Http\\Middleware\\TransformsRequest->handle(Object(Illuminate\\Http\\Request), Object(Closure))
#22 /Users/uewashuuwa/Desktop/React_Native_practice/social-fitness-app-laravel-docker/vendor/laravel/framework/src/Illuminate/Pipeline/Pipeline.php(209): Illuminate\\Foundation\\Http\\Middleware\\ConvertEmptyStringsToNull->handle(Object(Illuminate\\Http\\Request), Object(Closure))
#23 /Users/uewashuuwa/Desktop/React_Native_practice/social-fitness-app-laravel-docker/vendor/laravel/framework/src/Illuminate/Foundation/Http/Middleware/TransformsRequest.php(21): Illuminate\\Pipeline\\Pipeline->{closure:{closure:Illuminate\\Pipeline\\Pipeline::carry():184}:185}(Object(Illuminate\\Http\\Request))
#24 /Users/uewashuuwa/Desktop/React_Native_practice/social-fitness-app-laravel-docker/vendor/laravel/framework/src/Illuminate/Foundation/Http/Middleware/TrimStrings.php(51): Illuminate\\Foundation\\Http\\Middleware\\TransformsRequest->handle(Object(Illuminate\\Http\\Request), Object(Closure))
#25 /Users/uewashuuwa/Desktop/React_Native_practice/social-fitness-app-laravel-docker/vendor/laravel/framework/src/Illuminate/Pipeline/Pipeline.php(209): Illuminate\\Foundation\\Http\\Middleware\\TrimStrings->handle(Object(Illuminate\\Http\\Request), Object(Closure))
#26 /Users/uewashuuwa/Desktop/React_Native_practice/social-fitness-app-laravel-docker/vendor/laravel/framework/src/Illuminate/Http/Middleware/ValidatePostSize.php(27): Illuminate\\Pipeline\\Pipeline->{closure:{closure:Illuminate\\Pipeline\\Pipeline::carry():184}:185}(Object(Illuminate\\Http\\Request))
#27 /Users/uewashuuwa/Desktop/React_Native_practice/social-fitness-app-laravel-docker/vendor/laravel/framework/src/Illuminate/Pipeline/Pipeline.php(209): Illuminate\\Http\\Middleware\\ValidatePostSize->handle(Object(Illuminate\\Http\\Request), Object(Closure))
#28 /Users/uewashuuwa/Desktop/React_Native_practice/social-fitness-app-laravel-docker/vendor/laravel/framework/src/Illuminate/Foundation/Http/Middleware/PreventRequestsDuringMaintenance.php(110): Illuminate\\Pipeline\\Pipeline->{closure:{closure:Illuminate\\Pipeline\\Pipeline::carry():184}:185}(Object(Illuminate\\Http\\Request))
#29 /Users/uewashuuwa/Desktop/React_Native_practice/social-fitness-app-laravel-docker/vendor/laravel/framework/src/Illuminate/Pipeline/Pipeline.php(209): Illuminate\\Foundation\\Http\\Middleware\\PreventRequestsDuringMaintenance->handle(Object(Illuminate\\Http\\Request), Object(Closure))
#30 /Users/uewashuuwa/Desktop/React_Native_practice/social-fitness-app-laravel-docker/vendor/laravel/framework/src/Illuminate/Pipeline/Pipeline.php(127): Illuminate\\Pipeline\\Pipeline->{closure:{closure:Illuminate\\Pipeline\\Pipeline::carry():184}:185}(Object(Illuminate\\Http\\Request))
#31 /Users/uewashuuwa/Desktop/React_Native_practice/social-fitness-app-laravel-docker/vendor/laravel/framework/src/Illuminate/Foundation/Http/Kernel.php(176): Illuminate\\Pipeline\\Pipeline->then(Object(Closure))
#32 /Users/uewashuuwa/Desktop/React_Native_practice/social-fitness-app-laravel-docker/vendor/laravel/framework/src/Illuminate/Foundation/Http/Kernel.php(145): Illuminate\\Foundation\\Http\\Kernel->sendRequestThroughRouter(Object(Illuminate\\Http\\Request))
#33 /Users/uewashuuwa/Desktop/React_Native_practice/social-fitness-app-laravel-docker/public/index.php(54): Illuminate\\Foundation\\Http\\Kernel->handle(Object(Illuminate\\Http\\Request))
#34 /Users/uewashuuwa/Desktop/React_Native_practice/social-fitness-app-laravel-docker/server.php(21): require_once('/Users/uewashuu...')
#35 {main}
"} 
[2025-03-22 20:25:39] local.ERROR: Call to a member function createToken() on array {"exception":"[object] (Error(code: 0): Call to a member function createToken() on array at /Users/uewashuuwa/Desktop/React_Native_practice/social-fitness-app-laravel-docker/app/Http/Controllers/AuthController.php:17)
[stacktrace]
#0 /Users/uewashuuwa/Desktop/React_Native_practice/social-fitness-app-laravel-docker/vendor/laravel/framework/src/Illuminate/Routing/Controller.php(54): App\\Http\\Controllers\\AuthController->register(Object(Illuminate\\Http\\Request))
#1 /Users/uewashuuwa/Desktop/React_Native_practice/social-fitness-app-laravel-docker/vendor/laravel/framework/src/Illuminate/Routing/ControllerDispatcher.php(44): Illuminate\\Routing\\Controller->callAction('register', Array)
#2 /Users/uewashuuwa/Desktop/React_Native_practice/social-fitness-app-laravel-docker/vendor/laravel/framework/src/Illuminate/Routing/Route.php(266): Illuminate\\Routing\\ControllerDispatcher->dispatch(Object(Illuminate\\Routing\\Route), Object(App\\Http\\Controllers\\AuthController), 'register')
#3 /Users/uewashuuwa/Desktop/React_Native_practice/social-fitness-app-laravel-docker/vendor/laravel/framework/src/Illuminate/Routing/Route.php(212): Illuminate\\Routing\\Route->runController()
#4 /Users/uewashuuwa/Desktop/React_Native_practice/social-fitness-app-laravel-docker/vendor/laravel/framework/src/Illuminate/Routing/Router.php(808): Illuminate\\Routing\\Route->run()
#5 /Users/uewashuuwa/Desktop/React_Native_practice/social-fitness-app-laravel-docker/vendor/laravel/framework/src/Illuminate/Pipeline/Pipeline.php(170): Illuminate\\Routing\\Router->{closure:Illuminate\\Routing\\Router::runRouteWithinStack():807}(Object(Illuminate\\Http\\Request))
#6 /Users/uewashuuwa/Desktop/React_Native_practice/social-fitness-app-laravel-docker/vendor/laravel/framework/src/Illuminate/Routing/Middleware/SubstituteBindings.php(51): Illuminate\\Pipeline\\Pipeline->{closure:Illuminate\\Pipeline\\Pipeline::prepareDestination():168}(Object(Illuminate\\Http\\Request))
#7 /Users/uewashuuwa/Desktop/React_Native_practice/social-fitness-app-laravel-docker/vendor/laravel/framework/src/Illuminate/Pipeline/Pipeline.php(209): Illuminate\\Routing\\Middleware\\SubstituteBindings->handle(Object(Illuminate\\Http\\Request), Object(Closure))
#8 /Users/uewashuuwa/Desktop/React_Native_practice/social-fitness-app-laravel-docker/vendor/laravel/framework/src/Illuminate/Routing/Middleware/ThrottleRequests.php(161): Illuminate\\Pipeline\\Pipeline->{closure:{closure:Illuminate\\Pipeline\\Pipeline::carry():184}:185}(Object(Illuminate\\Http\\Request))
#9 /Users/uewashuuwa/Desktop/React_Native_practice/social-fitness-app-laravel-docker/vendor/laravel/framework/src/Illuminate/Routing/Middleware/ThrottleRequests.php(92): Illuminate\\Routing\\Middleware\\ThrottleRequests->handleRequest(Object(Illuminate\\Http\\Request), Object(Closure), Array)
#10 /Users/uewashuuwa/Desktop/React_Native_practice/social-fitness-app-laravel-docker/vendor/laravel/framework/src/Illuminate/Pipeline/Pipeline.php(209): Illuminate\\Routing\\Middleware\\ThrottleRequests->handle(Object(Illuminate\\Http\\Request), Object(Closure), '60', '1')
#11 /Users/uewashuuwa/Desktop/React_Native_practice/social-fitness-app-laravel-docker/vendor/laravel/framework/src/Illuminate/Pipeline/Pipeline.php(127): Illuminate\\Pipeline\\Pipeline->{closure:{closure:Illuminate\\Pipeline\\Pipeline::carry():184}:185}(Object(Illuminate\\Http\\Request))
#12 /Users/uewashuuwa/Desktop/React_Native_practice/social-fitness-app-laravel-docker/vendor/laravel/framework/src/Illuminate/Routing/Router.php(807): Illuminate\\Pipeline\\Pipeline->then(Object(Closure))
#13 /Users/uewashuuwa/Desktop/React_Native_practice/social-fitness-app-laravel-docker/vendor/laravel/framework/src/Illuminate/Routing/Router.php(786): Illuminate\\Routing\\Router->runRouteWithinStack(Object(Illuminate\\Routing\\Route), Object(Illuminate\\Http\\Request))
#14 /Users/uewashuuwa/Desktop/React_Native_practice/social-fitness-app-laravel-docker/vendor/laravel/framework/src/Illuminate/Routing/Router.php(750): Illuminate\\Routing\\Router->runRoute(Object(Illuminate\\Http\\Request), Object(Illuminate\\Routing\\Route))
#15 /Users/uewashuuwa/Desktop/React_Native_practice/social-fitness-app-laravel-docker/vendor/laravel/framework/src/Illuminate/Routing/Router.php(739): Illuminate\\Routing\\Router->dispatchToRoute(Object(Illuminate\\Http\\Request))
#16 /Users/uewashuuwa/Desktop/React_Native_practice/social-fitness-app-laravel-docker/vendor/laravel/framework/src/Illuminate/Foundation/Http/Kernel.php(201): Illuminate\\Routing\\Router->dispatch(Object(Illuminate\\Http\\Request))
#17 /Users/uewashuuwa/Desktop/React_Native_practice/social-fitness-app-laravel-docker/vendor/laravel/framework/src/Illuminate/Pipeline/Pipeline.php(170): Illuminate\\Foundation\\Http\\Kernel->{closure:Illuminate\\Foundation\\Http\\Kernel::dispatchToRouter():198}(Object(Illuminate\\Http\\Request))
#18 /Users/uewashuuwa/Desktop/React_Native_practice/social-fitness-app-laravel-docker/vendor/laravel/framework/src/Illuminate/Http/Middleware/TrustProxies.php(58): Illuminate\\Pipeline\\Pipeline->{closure:Illuminate\\Pipeline\\Pipeline::prepareDestination():168}(Object(Illuminate\\Http\\Request))
#19 /Users/uewashuuwa/Desktop/React_Native_practice/social-fitness-app-laravel-docker/vendor/laravel/framework/src/Illuminate/Pipeline/Pipeline.php(209): Illuminate\\Http\\Middleware\\TrustProxies->handle(Object(Illuminate\\Http\\Request), Object(Closure))
#20 /Users/uewashuuwa/Desktop/React_Native_practice/social-fitness-app-laravel-docker/vendor/laravel/framework/src/Illuminate/Foundation/Http/Middleware/TransformsRequest.php(21): Illuminate\\Pipeline\\Pipeline->{closure:{closure:Illuminate\\Pipeline\\Pipeline::carry():184}:185}(Object(Illuminate\\Http\\Request))
#21 /Users/uewashuuwa/Desktop/React_Native_practice/social-fitness-app-laravel-docker/vendor/laravel/framework/src/Illuminate/Foundation/Http/Middleware/ConvertEmptyStringsToNull.php(31): Illuminate\\Foundation\\Http\\Middleware\\TransformsRequest->handle(Object(Illuminate\\Http\\Request), Object(Closure))
#22 /Users/uewashuuwa/Desktop/React_Native_practice/social-fitness-app-laravel-docker/vendor/laravel/framework/src/Illuminate/Pipeline/Pipeline.php(209): Illuminate\\Foundation\\Http\\Middleware\\ConvertEmptyStringsToNull->handle(Object(Illuminate\\Http\\Request), Object(Closure))
#23 /Users/uewashuuwa/Desktop/React_Native_practice/social-fitness-app-laravel-docker/vendor/laravel/framework/src/Illuminate/Foundation/Http/Middleware/TransformsRequest.php(21): Illuminate\\Pipeline\\Pipeline->{closure:{closure:Illuminate\\Pipeline\\Pipeline::carry():184}:185}(Object(Illuminate\\Http\\Request))
#24 /Users/uewashuuwa/Desktop/React_Native_practice/social-fitness-app-laravel-docker/vendor/laravel/framework/src/Illuminate/Foundation/Http/Middleware/TrimStrings.php(51): Illuminate\\Foundation\\Http\\Middleware\\TransformsRequest->handle(Object(Illuminate\\Http\\Request), Object(Closure))
#25 /Users/uewashuuwa/Desktop/React_Native_practice/social-fitness-app-laravel-docker/vendor/laravel/framework/src/Illuminate/Pipeline/Pipeline.php(209): Illuminate\\Foundation\\Http\\Middleware\\TrimStrings->handle(Object(Illuminate\\Http\\Request), Object(Closure))
#26 /Users/uewashuuwa/Desktop/React_Native_practice/social-fitness-app-laravel-docker/vendor/laravel/framework/src/Illuminate/Http/Middleware/ValidatePostSize.php(27): Illuminate\\Pipeline\\Pipeline->{closure:{closure:Illuminate\\Pipeline\\Pipeline::carry():184}:185}(Object(Illuminate\\Http\\Request))
#27 /Users/uewashuuwa/Desktop/React_Native_practice/social-fitness-app-laravel-docker/vendor/laravel/framework/src/Illuminate/Pipeline/Pipeline.php(209): Illuminate\\Http\\Middleware\\ValidatePostSize->handle(Object(Illuminate\\Http\\Request), Object(Closure))
#28 /Users/uewashuuwa/Desktop/React_Native_practice/social-fitness-app-laravel-docker/vendor/laravel/framework/src/Illuminate/Foundation/Http/Middleware/PreventRequestsDuringMaintenance.php(110): Illuminate\\Pipeline\\Pipeline->{closure:{closure:Illuminate\\Pipeline\\Pipeline::carry():184}:185}(Object(Illuminate\\Http\\Request))
#29 /Users/uewashuuwa/Desktop/React_Native_practice/social-fitness-app-laravel-docker/vendor/laravel/framework/src/Illuminate/Pipeline/Pipeline.php(209): Illuminate\\Foundation\\Http\\Middleware\\PreventRequestsDuringMaintenance->handle(Object(Illuminate\\Http\\Request), Object(Closure))
#30 /Users/uewashuuwa/Desktop/React_Native_practice/social-fitness-app-laravel-docker/vendor/laravel/framework/src/Illuminate/Pipeline/Pipeline.php(127): Illuminate\\Pipeline\\Pipeline->{closure:{closure:Illuminate\\Pipeline\\Pipeline::carry():184}:185}(Object(Illuminate\\Http\\Request))
#31 /Users/uewashuuwa/Desktop/React_Native_practice/social-fitness-app-laravel-docker/vendor/laravel/framework/src/Illuminate/Foundation/Http/Kernel.php(176): Illuminate\\Pipeline\\Pipeline->then(Object(Closure))
#32 /Users/uewashuuwa/Desktop/React_Native_practice/social-fitness-app-laravel-docker/vendor/laravel/framework/src/Illuminate/Foundation/Http/Kernel.php(145): Illuminate\\Foundation\\Http\\Kernel->sendRequestThroughRouter(Object(Illuminate\\Http\\Request))
#33 /Users/uewashuuwa/Desktop/React_Native_practice/social-fitness-app-laravel-docker/public/index.php(54): Illuminate\\Foundation\\Http\\Kernel->handle(Object(Illuminate\\Http\\Request))
#34 /Users/uewashuuwa/Desktop/React_Native_practice/social-fitness-app-laravel-docker/server.php(21): require_once('/Users/uewashuu...')
#35 {main}
"} 
[2025-03-22 20:42:21] local.ERROR: Route [login] not defined. {"exception":"[object] (Symfony\\Component\\Routing\\Exception\\RouteNotFoundException(code: 0): Route [login] not defined. at /Users/uewashuuwa/Desktop/React_Native_practice/social-fitness-app-laravel-docker/vendor/laravel/framework/src/Illuminate/Routing/UrlGenerator.php:517)
[stacktrace]
#0 /Users/uewashuuwa/Desktop/React_Native_practice/social-fitness-app-laravel-docker/vendor/laravel/framework/src/Illuminate/Foundation/helpers.php(853): Illuminate\\Routing\\UrlGenerator->route('login', Array, true)
#1 /Users/uewashuuwa/Desktop/React_Native_practice/social-fitness-app-laravel-docker/app/Http/Middleware/Authenticate.php(18): route('login')
#2 /Users/uewashuuwa/Desktop/React_Native_practice/social-fitness-app-laravel-docker/vendor/laravel/framework/src/Illuminate/Auth/Middleware/Authenticate.php(105): App\\Http\\Middleware\\Authenticate->redirectTo(Object(Illuminate\\Http\\Request))
#3 /Users/uewashuuwa/Desktop/React_Native_practice/social-fitness-app-laravel-docker/vendor/laravel/framework/src/Illuminate/Auth/Middleware/Authenticate.php(88): Illuminate\\Auth\\Middleware\\Authenticate->unauthenticated(Object(Illuminate\\Http\\Request), Array)
#4 /Users/uewashuuwa/Desktop/React_Native_practice/social-fitness-app-laravel-docker/vendor/laravel/framework/src/Illuminate/Auth/Middleware/Authenticate.php(62): Illuminate\\Auth\\Middleware\\Authenticate->authenticate(Object(Illuminate\\Http\\Request), Array)
#5 /Users/uewashuuwa/Desktop/React_Native_practice/social-fitness-app-laravel-docker/vendor/laravel/framework/src/Illuminate/Pipeline/Pipeline.php(209): Illuminate\\Auth\\Middleware\\Authenticate->handle(Object(Illuminate\\Http\\Request), Object(Closure), 'sanctum')
#6 /Users/uewashuuwa/Desktop/React_Native_practice/social-fitness-app-laravel-docker/vendor/laravel/framework/src/Illuminate/Routing/Middleware/ThrottleRequests.php(161): Illuminate\\Pipeline\\Pipeline->{closure:{closure:Illuminate\\Pipeline\\Pipeline::carry():184}:185}(Object(Illuminate\\Http\\Request))
#7 /Users/uewashuuwa/Desktop/React_Native_practice/social-fitness-app-laravel-docker/vendor/laravel/framework/src/Illuminate/Routing/Middleware/ThrottleRequests.php(92): Illuminate\\Routing\\Middleware\\ThrottleRequests->handleRequest(Object(Illuminate\\Http\\Request), Object(Closure), Array)
#8 /Users/uewashuuwa/Desktop/React_Native_practice/social-fitness-app-laravel-docker/vendor/laravel/framework/src/Illuminate/Pipeline/Pipeline.php(209): Illuminate\\Routing\\Middleware\\ThrottleRequests->handle(Object(Illuminate\\Http\\Request), Object(Closure), '60', '1')
#9 /Users/uewashuuwa/Desktop/React_Native_practice/social-fitness-app-laravel-docker/vendor/laravel/framework/src/Illuminate/Pipeline/Pipeline.php(127): Illuminate\\Pipeline\\Pipeline->{closure:{closure:Illuminate\\Pipeline\\Pipeline::carry():184}:185}(Object(Illuminate\\Http\\Request))
#10 /Users/uewashuuwa/Desktop/React_Native_practice/social-fitness-app-laravel-docker/vendor/laravel/framework/src/Illuminate/Routing/Router.php(807): Illuminate\\Pipeline\\Pipeline->then(Object(Closure))
#11 /Users/uewashuuwa/Desktop/React_Native_practice/social-fitness-app-laravel-docker/vendor/laravel/framework/src/Illuminate/Routing/Router.php(786): Illuminate\\Routing\\Router->runRouteWithinStack(Object(Illuminate\\Routing\\Route), Object(Illuminate\\Http\\Request))
#12 /Users/uewashuuwa/Desktop/React_Native_practice/social-fitness-app-laravel-docker/vendor/laravel/framework/src/Illuminate/Routing/Router.php(750): Illuminate\\Routing\\Router->runRoute(Object(Illuminate\\Http\\Request), Object(Illuminate\\Routing\\Route))
#13 /Users/uewashuuwa/Desktop/React_Native_practice/social-fitness-app-laravel-docker/vendor/laravel/framework/src/Illuminate/Routing/Router.php(739): Illuminate\\Routing\\Router->dispatchToRoute(Object(Illuminate\\Http\\Request))
#14 /Users/uewashuuwa/Desktop/React_Native_practice/social-fitness-app-laravel-docker/vendor/laravel/framework/src/Illuminate/Foundation/Http/Kernel.php(201): Illuminate\\Routing\\Router->dispatch(Object(Illuminate\\Http\\Request))
#15 /Users/uewashuuwa/Desktop/React_Native_practice/social-fitness-app-laravel-docker/vendor/laravel/framework/src/Illuminate/Pipeline/Pipeline.php(170): Illuminate\\Foundation\\Http\\Kernel->{closure:Illuminate\\Foundation\\Http\\Kernel::dispatchToRouter():198}(Object(Illuminate\\Http\\Request))
#16 /Users/uewashuuwa/Desktop/React_Native_practice/social-fitness-app-laravel-docker/vendor/laravel/framework/src/Illuminate/Http/Middleware/TrustProxies.php(58): Illuminate\\Pipeline\\Pipeline->{closure:Illuminate\\Pipeline\\Pipeline::prepareDestination():168}(Object(Illuminate\\Http\\Request))
#17 /Users/uewashuuwa/Desktop/React_Native_practice/social-fitness-app-laravel-docker/vendor/laravel/framework/src/Illuminate/Pipeline/Pipeline.php(209): Illuminate\\Http\\Middleware\\TrustProxies->handle(Object(Illuminate\\Http\\Request), Object(Closure))
#18 /Users/uewashuuwa/Desktop/React_Native_practice/social-fitness-app-laravel-docker/vendor/laravel/framework/src/Illuminate/Foundation/Http/Middleware/TransformsRequest.php(21): Illuminate\\Pipeline\\Pipeline->{closure:{closure:Illuminate\\Pipeline\\Pipeline::carry():184}:185}(Object(Illuminate\\Http\\Request))
#19 /Users/uewashuuwa/Desktop/React_Native_practice/social-fitness-app-laravel-docker/vendor/laravel/framework/src/Illuminate/Foundation/Http/Middleware/ConvertEmptyStringsToNull.php(31): Illuminate\\Foundation\\Http\\Middleware\\TransformsRequest->handle(Object(Illuminate\\Http\\Request), Object(Closure))
#20 /Users/uewashuuwa/Desktop/React_Native_practice/social-fitness-app-laravel-docker/vendor/laravel/framework/src/Illuminate/Pipeline/Pipeline.php(209): Illuminate\\Foundation\\Http\\Middleware\\ConvertEmptyStringsToNull->handle(Object(Illuminate\\Http\\Request), Object(Closure))
#21 /Users/uewashuuwa/Desktop/React_Native_practice/social-fitness-app-laravel-docker/vendor/laravel/framework/src/Illuminate/Foundation/Http/Middleware/TransformsRequest.php(21): Illuminate\\Pipeline\\Pipeline->{closure:{closure:Illuminate\\Pipeline\\Pipeline::carry():184}:185}(Object(Illuminate\\Http\\Request))
#22 /Users/uewashuuwa/Desktop/React_Native_practice/social-fitness-app-laravel-docker/vendor/laravel/framework/src/Illuminate/Foundation/Http/Middleware/TrimStrings.php(51): Illuminate\\Foundation\\Http\\Middleware\\TransformsRequest->handle(Object(Illuminate\\Http\\Request), Object(Closure))
#23 /Users/uewashuuwa/Desktop/React_Native_practice/social-fitness-app-laravel-docker/vendor/laravel/framework/src/Illuminate/Pipeline/Pipeline.php(209): Illuminate\\Foundation\\Http\\Middleware\\TrimStrings->handle(Object(Illuminate\\Http\\Request), Object(Closure))
#24 /Users/uewashuuwa/Desktop/React_Native_practice/social-fitness-app-laravel-docker/vendor/laravel/framework/src/Illuminate/Http/Middleware/ValidatePostSize.php(27): Illuminate\\Pipeline\\Pipeline->{closure:{closure:Illuminate\\Pipeline\\Pipeline::carry():184}:185}(Object(Illuminate\\Http\\Request))
#25 /Users/uewashuuwa/Desktop/React_Native_practice/social-fitness-app-laravel-docker/vendor/laravel/framework/src/Illuminate/Pipeline/Pipeline.php(209): Illuminate\\Http\\Middleware\\ValidatePostSize->handle(Object(Illuminate\\Http\\Request), Object(Closure))
#26 /Users/uewashuuwa/Desktop/React_Native_practice/social-fitness-app-laravel-docker/vendor/laravel/framework/src/Illuminate/Foundation/Http/Middleware/PreventRequestsDuringMaintenance.php(110): Illuminate\\Pipeline\\Pipeline->{closure:{closure:Illuminate\\Pipeline\\Pipeline::carry():184}:185}(Object(Illuminate\\Http\\Request))
#27 /Users/uewashuuwa/Desktop/React_Native_practice/social-fitness-app-laravel-docker/vendor/laravel/framework/src/Illuminate/Pipeline/Pipeline.php(209): Illuminate\\Foundation\\Http\\Middleware\\PreventRequestsDuringMaintenance->handle(Object(Illuminate\\Http\\Request), Object(Closure))
#28 /Users/uewashuuwa/Desktop/React_Native_practice/social-fitness-app-laravel-docker/vendor/laravel/framework/src/Illuminate/Pipeline/Pipeline.php(127): Illuminate\\Pipeline\\Pipeline->{closure:{closure:Illuminate\\Pipeline\\Pipeline::carry():184}:185}(Object(Illuminate\\Http\\Request))
#29 /Users/uewashuuwa/Desktop/React_Native_practice/social-fitness-app-laravel-docker/vendor/laravel/framework/src/Illuminate/Foundation/Http/Kernel.php(176): Illuminate\\Pipeline\\Pipeline->then(Object(Closure))
#30 /Users/uewashuuwa/Desktop/React_Native_practice/social-fitness-app-laravel-docker/vendor/laravel/framework/src/Illuminate/Foundation/Http/Kernel.php(145): Illuminate\\Foundation\\Http\\Kernel->sendRequestThroughRouter(Object(Illuminate\\Http\\Request))
#31 /Users/uewashuuwa/Desktop/React_Native_practice/social-fitness-app-laravel-docker/public/index.php(54): Illuminate\\Foundation\\Http\\Kernel->handle(Object(Illuminate\\Http\\Request))
#32 /Users/uewashuuwa/Desktop/React_Native_practice/social-fitness-app-laravel-docker/server.php(21): require_once('/Users/uewashuu...')
#33 {main}
"} 
[2025-03-22 20:52:14] local.ERROR: Route [login] not defined. {"exception":"[object] (Symfony\\Component\\Routing\\Exception\\RouteNotFoundException(code: 0): Route [login] not defined. at /Users/uewashuuwa/Desktop/React_Native_practice/social-fitness-app-laravel-docker/vendor/laravel/framework/src/Illuminate/Routing/UrlGenerator.php:517)
[stacktrace]
#0 /Users/uewashuuwa/Desktop/React_Native_practice/social-fitness-app-laravel-docker/vendor/laravel/framework/src/Illuminate/Foundation/helpers.php(853): Illuminate\\Routing\\UrlGenerator->route('login', Array, true)
#1 /Users/uewashuuwa/Desktop/React_Native_practice/social-fitness-app-laravel-docker/app/Http/Middleware/Authenticate.php(18): route('login')
#2 /Users/uewashuuwa/Desktop/React_Native_practice/social-fitness-app-laravel-docker/vendor/laravel/framework/src/Illuminate/Auth/Middleware/Authenticate.php(105): App\\Http\\Middleware\\Authenticate->redirectTo(Object(Illuminate\\Http\\Request))
#3 /Users/uewashuuwa/Desktop/React_Native_practice/social-fitness-app-laravel-docker/vendor/laravel/framework/src/Illuminate/Auth/Middleware/Authenticate.php(88): Illuminate\\Auth\\Middleware\\Authenticate->unauthenticated(Object(Illuminate\\Http\\Request), Array)
#4 /Users/uewashuuwa/Desktop/React_Native_practice/social-fitness-app-laravel-docker/vendor/laravel/framework/src/Illuminate/Auth/Middleware/Authenticate.php(62): Illuminate\\Auth\\Middleware\\Authenticate->authenticate(Object(Illuminate\\Http\\Request), Array)
#5 /Users/uewashuuwa/Desktop/React_Native_practice/social-fitness-app-laravel-docker/vendor/laravel/framework/src/Illuminate/Pipeline/Pipeline.php(209): Illuminate\\Auth\\Middleware\\Authenticate->handle(Object(Illuminate\\Http\\Request), Object(Closure), 'sanctum')
#6 /Users/uewashuuwa/Desktop/React_Native_practice/social-fitness-app-laravel-docker/vendor/laravel/framework/src/Illuminate/Routing/Middleware/ThrottleRequests.php(161): Illuminate\\Pipeline\\Pipeline->{closure:{closure:Illuminate\\Pipeline\\Pipeline::carry():184}:185}(Object(Illuminate\\Http\\Request))
#7 /Users/uewashuuwa/Desktop/React_Native_practice/social-fitness-app-laravel-docker/vendor/laravel/framework/src/Illuminate/Routing/Middleware/ThrottleRequests.php(92): Illuminate\\Routing\\Middleware\\ThrottleRequests->handleRequest(Object(Illuminate\\Http\\Request), Object(Closure), Array)
#8 /Users/uewashuuwa/Desktop/React_Native_practice/social-fitness-app-laravel-docker/vendor/laravel/framework/src/Illuminate/Pipeline/Pipeline.php(209): Illuminate\\Routing\\Middleware\\ThrottleRequests->handle(Object(Illuminate\\Http\\Request), Object(Closure), '60', '1')
#9 /Users/uewashuuwa/Desktop/React_Native_practice/social-fitness-app-laravel-docker/vendor/laravel/framework/src/Illuminate/Pipeline/Pipeline.php(127): Illuminate\\Pipeline\\Pipeline->{closure:{closure:Illuminate\\Pipeline\\Pipeline::carry():184}:185}(Object(Illuminate\\Http\\Request))
#10 /Users/uewashuuwa/Desktop/React_Native_practice/social-fitness-app-laravel-docker/vendor/laravel/framework/src/Illuminate/Routing/Router.php(807): Illuminate\\Pipeline\\Pipeline->then(Object(Closure))
#11 /Users/uewashuuwa/Desktop/React_Native_practice/social-fitness-app-laravel-docker/vendor/laravel/framework/src/Illuminate/Routing/Router.php(786): Illuminate\\Routing\\Router->runRouteWithinStack(Object(Illuminate\\Routing\\Route), Object(Illuminate\\Http\\Request))
#12 /Users/uewashuuwa/Desktop/React_Native_practice/social-fitness-app-laravel-docker/vendor/laravel/framework/src/Illuminate/Routing/Router.php(750): Illuminate\\Routing\\Router->runRoute(Object(Illuminate\\Http\\Request), Object(Illuminate\\Routing\\Route))
#13 /Users/uewashuuwa/Desktop/React_Native_practice/social-fitness-app-laravel-docker/vendor/laravel/framework/src/Illuminate/Routing/Router.php(739): Illuminate\\Routing\\Router->dispatchToRoute(Object(Illuminate\\Http\\Request))
#14 /Users/uewashuuwa/Desktop/React_Native_practice/social-fitness-app-laravel-docker/vendor/laravel/framework/src/Illuminate/Foundation/Http/Kernel.php(201): Illuminate\\Routing\\Router->dispatch(Object(Illuminate\\Http\\Request))
#15 /Users/uewashuuwa/Desktop/React_Native_practice/social-fitness-app-laravel-docker/vendor/laravel/framework/src/Illuminate/Pipeline/Pipeline.php(170): Illuminate\\Foundation\\Http\\Kernel->{closure:Illuminate\\Foundation\\Http\\Kernel::dispatchToRouter():198}(Object(Illuminate\\Http\\Request))
#16 /Users/uewashuuwa/Desktop/React_Native_practice/social-fitness-app-laravel-docker/vendor/laravel/framework/src/Illuminate/Http/Middleware/TrustProxies.php(58): Illuminate\\Pipeline\\Pipeline->{closure:Illuminate\\Pipeline\\Pipeline::prepareDestination():168}(Object(Illuminate\\Http\\Request))
#17 /Users/uewashuuwa/Desktop/React_Native_practice/social-fitness-app-laravel-docker/vendor/laravel/framework/src/Illuminate/Pipeline/Pipeline.php(209): Illuminate\\Http\\Middleware\\TrustProxies->handle(Object(Illuminate\\Http\\Request), Object(Closure))
#18 /Users/uewashuuwa/Desktop/React_Native_practice/social-fitness-app-laravel-docker/vendor/laravel/framework/src/Illuminate/Foundation/Http/Middleware/TransformsRequest.php(21): Illuminate\\Pipeline\\Pipeline->{closure:{closure:Illuminate\\Pipeline\\Pipeline::carry():184}:185}(Object(Illuminate\\Http\\Request))
#19 /Users/uewashuuwa/Desktop/React_Native_practice/social-fitness-app-laravel-docker/vendor/laravel/framework/src/Illuminate/Foundation/Http/Middleware/ConvertEmptyStringsToNull.php(31): Illuminate\\Foundation\\Http\\Middleware\\TransformsRequest->handle(Object(Illuminate\\Http\\Request), Object(Closure))
#20 /Users/uewashuuwa/Desktop/React_Native_practice/social-fitness-app-laravel-docker/vendor/laravel/framework/src/Illuminate/Pipeline/Pipeline.php(209): Illuminate\\Foundation\\Http\\Middleware\\ConvertEmptyStringsToNull->handle(Object(Illuminate\\Http\\Request), Object(Closure))
#21 /Users/uewashuuwa/Desktop/React_Native_practice/social-fitness-app-laravel-docker/vendor/laravel/framework/src/Illuminate/Foundation/Http/Middleware/TransformsRequest.php(21): Illuminate\\Pipeline\\Pipeline->{closure:{closure:Illuminate\\Pipeline\\Pipeline::carry():184}:185}(Object(Illuminate\\Http\\Request))
#22 /Users/uewashuuwa/Desktop/React_Native_practice/social-fitness-app-laravel-docker/vendor/laravel/framework/src/Illuminate/Foundation/Http/Middleware/TrimStrings.php(51): Illuminate\\Foundation\\Http\\Middleware\\TransformsRequest->handle(Object(Illuminate\\Http\\Request), Object(Closure))
#23 /Users/uewashuuwa/Desktop/React_Native_practice/social-fitness-app-laravel-docker/vendor/laravel/framework/src/Illuminate/Pipeline/Pipeline.php(209): Illuminate\\Foundation\\Http\\Middleware\\TrimStrings->handle(Object(Illuminate\\Http\\Request), Object(Closure))
#24 /Users/uewashuuwa/Desktop/React_Native_practice/social-fitness-app-laravel-docker/vendor/laravel/framework/src/Illuminate/Http/Middleware/ValidatePostSize.php(27): Illuminate\\Pipeline\\Pipeline->{closure:{closure:Illuminate\\Pipeline\\Pipeline::carry():184}:185}(Object(Illuminate\\Http\\Request))
#25 /Users/uewashuuwa/Desktop/React_Native_practice/social-fitness-app-laravel-docker/vendor/laravel/framework/src/Illuminate/Pipeline/Pipeline.php(209): Illuminate\\Http\\Middleware\\ValidatePostSize->handle(Object(Illuminate\\Http\\Request), Object(Closure))
#26 /Users/uewashuuwa/Desktop/React_Native_practice/social-fitness-app-laravel-docker/vendor/laravel/framework/src/Illuminate/Foundation/Http/Middleware/PreventRequestsDuringMaintenance.php(110): Illuminate\\Pipeline\\Pipeline->{closure:{closure:Illuminate\\Pipeline\\Pipeline::carry():184}:185}(Object(Illuminate\\Http\\Request))
#27 /Users/uewashuuwa/Desktop/React_Native_practice/social-fitness-app-laravel-docker/vendor/laravel/framework/src/Illuminate/Pipeline/Pipeline.php(209): Illuminate\\Foundation\\Http\\Middleware\\PreventRequestsDuringMaintenance->handle(Object(Illuminate\\Http\\Request), Object(Closure))
#28 /Users/uewashuuwa/Desktop/React_Native_practice/social-fitness-app-laravel-docker/vendor/laravel/framework/src/Illuminate/Pipeline/Pipeline.php(127): Illuminate\\Pipeline\\Pipeline->{closure:{closure:Illuminate\\Pipeline\\Pipeline::carry():184}:185}(Object(Illuminate\\Http\\Request))
#29 /Users/uewashuuwa/Desktop/React_Native_practice/social-fitness-app-laravel-docker/vendor/laravel/framework/src/Illuminate/Foundation/Http/Kernel.php(176): Illuminate\\Pipeline\\Pipeline->then(Object(Closure))
#30 /Users/uewashuuwa/Desktop/React_Native_practice/social-fitness-app-laravel-docker/vendor/laravel/framework/src/Illuminate/Foundation/Http/Kernel.php(145): Illuminate\\Foundation\\Http\\Kernel->sendRequestThroughRouter(Object(Illuminate\\Http\\Request))
#31 /Users/uewashuuwa/Desktop/React_Native_practice/social-fitness-app-laravel-docker/public/index.php(54): Illuminate\\Foundation\\Http\\Kernel->handle(Object(Illuminate\\Http\\Request))
#32 /Users/uewashuuwa/Desktop/React_Native_practice/social-fitness-app-laravel-docker/server.php(21): require_once('/Users/uewashuu...')
#33 {main}
"} 
[2025-03-22 20:54:36] local.ERROR: Cannot make non static method Illuminate\Routing\Controller::middleware() static in class App\Http\Controllers\PostController {"exception":"[object] (Symfony\\Component\\ErrorHandler\\Error\\FatalError(code: 0): Cannot make non static method Illuminate\\Routing\\Controller::middleware() static in class App\\Http\\Controllers\\PostController at /Users/uewashuuwa/Desktop/React_Native_practice/social-fitness-app-laravel-docker/app/Http/Controllers/PostController.php:14)
[stacktrace]
#0 {main}
"} 
[2025-03-22 21:01:16] local.ERROR: Cannot make non static method Illuminate\Routing\Controller::middleware() static in class App\Http\Controllers\PostController {"exception":"[object] (Symfony\\Component\\ErrorHandler\\Error\\FatalError(code: 0): Cannot make non static method Illuminate\\Routing\\Controller::middleware() static in class App\\Http\\Controllers\\PostController at /Users/uewashuuwa/Desktop/React_Native_practice/social-fitness-app-laravel-docker/app/Http/Controllers/PostController.php:14)
[stacktrace]
#0 {main}
"} 
[2025-03-22 21:03:06] local.ERROR: Cannot make non static method Illuminate\Routing\Controller::middleware() static in class App\Http\Controllers\PostController {"exception":"[object] (Symfony\\Component\\ErrorHandler\\Error\\FatalError(code: 0): Cannot make non static method Illuminate\\Routing\\Controller::middleware() static in class App\\Http\\Controllers\\PostController at /Users/uewashuuwa/Desktop/React_Native_practice/social-fitness-app-laravel-docker/app/Http/Controllers/PostController.php:14)
[stacktrace]
#0 {main}
"} 
[2025-03-22 21:11:17] local.ERROR: Route [login] not defined. {"exception":"[object] (Symfony\\Component\\Routing\\Exception\\RouteNotFoundException(code: 0): Route [login] not defined. at /Users/uewashuuwa/Desktop/React_Native_practice/social-fitness-app-laravel-docker/vendor/laravel/framework/src/Illuminate/Routing/UrlGenerator.php:517)
[stacktrace]
#0 /Users/uewashuuwa/Desktop/React_Native_practice/social-fitness-app-laravel-docker/vendor/laravel/framework/src/Illuminate/Foundation/helpers.php(853): Illuminate\\Routing\\UrlGenerator->route('login', Array, true)
#1 /Users/uewashuuwa/Desktop/React_Native_practice/social-fitness-app-laravel-docker/app/Http/Middleware/Authenticate.php(18): route('login')
#2 /Users/uewashuuwa/Desktop/React_Native_practice/social-fitness-app-laravel-docker/vendor/laravel/framework/src/Illuminate/Auth/Middleware/Authenticate.php(105): App\\Http\\Middleware\\Authenticate->redirectTo(Object(Illuminate\\Http\\Request))
#3 /Users/uewashuuwa/Desktop/React_Native_practice/social-fitness-app-laravel-docker/vendor/laravel/framework/src/Illuminate/Auth/Middleware/Authenticate.php(88): Illuminate\\Auth\\Middleware\\Authenticate->unauthenticated(Object(Illuminate\\Http\\Request), Array)
#4 /Users/uewashuuwa/Desktop/React_Native_practice/social-fitness-app-laravel-docker/vendor/laravel/framework/src/Illuminate/Auth/Middleware/Authenticate.php(62): Illuminate\\Auth\\Middleware\\Authenticate->authenticate(Object(Illuminate\\Http\\Request), Array)
#5 /Users/uewashuuwa/Desktop/React_Native_practice/social-fitness-app-laravel-docker/vendor/laravel/framework/src/Illuminate/Pipeline/Pipeline.php(209): Illuminate\\Auth\\Middleware\\Authenticate->handle(Object(Illuminate\\Http\\Request), Object(Closure), 'sanctum')
#6 /Users/uewashuuwa/Desktop/React_Native_practice/social-fitness-app-laravel-docker/vendor/laravel/framework/src/Illuminate/Routing/Middleware/ThrottleRequests.php(161): Illuminate\\Pipeline\\Pipeline->{closure:{closure:Illuminate\\Pipeline\\Pipeline::carry():184}:185}(Object(Illuminate\\Http\\Request))
#7 /Users/uewashuuwa/Desktop/React_Native_practice/social-fitness-app-laravel-docker/vendor/laravel/framework/src/Illuminate/Routing/Middleware/ThrottleRequests.php(92): Illuminate\\Routing\\Middleware\\ThrottleRequests->handleRequest(Object(Illuminate\\Http\\Request), Object(Closure), Array)
#8 /Users/uewashuuwa/Desktop/React_Native_practice/social-fitness-app-laravel-docker/vendor/laravel/framework/src/Illuminate/Pipeline/Pipeline.php(209): Illuminate\\Routing\\Middleware\\ThrottleRequests->handle(Object(Illuminate\\Http\\Request), Object(Closure), '60', '1')
#9 /Users/uewashuuwa/Desktop/React_Native_practice/social-fitness-app-laravel-docker/vendor/laravel/framework/src/Illuminate/Pipeline/Pipeline.php(127): Illuminate\\Pipeline\\Pipeline->{closure:{closure:Illuminate\\Pipeline\\Pipeline::carry():184}:185}(Object(Illuminate\\Http\\Request))
#10 /Users/uewashuuwa/Desktop/React_Native_practice/social-fitness-app-laravel-docker/vendor/laravel/framework/src/Illuminate/Routing/Router.php(807): Illuminate\\Pipeline\\Pipeline->then(Object(Closure))
#11 /Users/uewashuuwa/Desktop/React_Native_practice/social-fitness-app-laravel-docker/vendor/laravel/framework/src/Illuminate/Routing/Router.php(786): Illuminate\\Routing\\Router->runRouteWithinStack(Object(Illuminate\\Routing\\Route), Object(Illuminate\\Http\\Request))
#12 /Users/uewashuuwa/Desktop/React_Native_practice/social-fitness-app-laravel-docker/vendor/laravel/framework/src/Illuminate/Routing/Router.php(750): Illuminate\\Routing\\Router->runRoute(Object(Illuminate\\Http\\Request), Object(Illuminate\\Routing\\Route))
#13 /Users/uewashuuwa/Desktop/React_Native_practice/social-fitness-app-laravel-docker/vendor/laravel/framework/src/Illuminate/Routing/Router.php(739): Illuminate\\Routing\\Router->dispatchToRoute(Object(Illuminate\\Http\\Request))
#14 /Users/uewashuuwa/Desktop/React_Native_practice/social-fitness-app-laravel-docker/vendor/laravel/framework/src/Illuminate/Foundation/Http/Kernel.php(201): Illuminate\\Routing\\Router->dispatch(Object(Illuminate\\Http\\Request))
#15 /Users/uewashuuwa/Desktop/React_Native_practice/social-fitness-app-laravel-docker/vendor/laravel/framework/src/Illuminate/Pipeline/Pipeline.php(170): Illuminate\\Foundation\\Http\\Kernel->{closure:Illuminate\\Foundation\\Http\\Kernel::dispatchToRouter():198}(Object(Illuminate\\Http\\Request))
#16 /Users/uewashuuwa/Desktop/React_Native_practice/social-fitness-app-laravel-docker/vendor/laravel/framework/src/Illuminate/Http/Middleware/TrustProxies.php(58): Illuminate\\Pipeline\\Pipeline->{closure:Illuminate\\Pipeline\\Pipeline::prepareDestination():168}(Object(Illuminate\\Http\\Request))
#17 /Users/uewashuuwa/Desktop/React_Native_practice/social-fitness-app-laravel-docker/vendor/laravel/framework/src/Illuminate/Pipeline/Pipeline.php(209): Illuminate\\Http\\Middleware\\TrustProxies->handle(Object(Illuminate\\Http\\Request), Object(Closure))
#18 /Users/uewashuuwa/Desktop/React_Native_practice/social-fitness-app-laravel-docker/vendor/laravel/framework/src/Illuminate/Foundation/Http/Middleware/TransformsRequest.php(21): Illuminate\\Pipeline\\Pipeline->{closure:{closure:Illuminate\\Pipeline\\Pipeline::carry():184}:185}(Object(Illuminate\\Http\\Request))
#19 /Users/uewashuuwa/Desktop/React_Native_practice/social-fitness-app-laravel-docker/vendor/laravel/framework/src/Illuminate/Foundation/Http/Middleware/ConvertEmptyStringsToNull.php(31): Illuminate\\Foundation\\Http\\Middleware\\TransformsRequest->handle(Object(Illuminate\\Http\\Request), Object(Closure))
#20 /Users/uewashuuwa/Desktop/React_Native_practice/social-fitness-app-laravel-docker/vendor/laravel/framework/src/Illuminate/Pipeline/Pipeline.php(209): Illuminate\\Foundation\\Http\\Middleware\\ConvertEmptyStringsToNull->handle(Object(Illuminate\\Http\\Request), Object(Closure))
#21 /Users/uewashuuwa/Desktop/React_Native_practice/social-fitness-app-laravel-docker/vendor/laravel/framework/src/Illuminate/Foundation/Http/Middleware/TransformsRequest.php(21): Illuminate\\Pipeline\\Pipeline->{closure:{closure:Illuminate\\Pipeline\\Pipeline::carry():184}:185}(Object(Illuminate\\Http\\Request))
#22 /Users/uewashuuwa/Desktop/React_Native_practice/social-fitness-app-laravel-docker/vendor/laravel/framework/src/Illuminate/Foundation/Http/Middleware/TrimStrings.php(51): Illuminate\\Foundation\\Http\\Middleware\\TransformsRequest->handle(Object(Illuminate\\Http\\Request), Object(Closure))
#23 /Users/uewashuuwa/Desktop/React_Native_practice/social-fitness-app-laravel-docker/vendor/laravel/framework/src/Illuminate/Pipeline/Pipeline.php(209): Illuminate\\Foundation\\Http\\Middleware\\TrimStrings->handle(Object(Illuminate\\Http\\Request), Object(Closure))
#24 /Users/uewashuuwa/Desktop/React_Native_practice/social-fitness-app-laravel-docker/vendor/laravel/framework/src/Illuminate/Http/Middleware/ValidatePostSize.php(27): Illuminate\\Pipeline\\Pipeline->{closure:{closure:Illuminate\\Pipeline\\Pipeline::carry():184}:185}(Object(Illuminate\\Http\\Request))
#25 /Users/uewashuuwa/Desktop/React_Native_practice/social-fitness-app-laravel-docker/vendor/laravel/framework/src/Illuminate/Pipeline/Pipeline.php(209): Illuminate\\Http\\Middleware\\ValidatePostSize->handle(Object(Illuminate\\Http\\Request), Object(Closure))
#26 /Users/uewashuuwa/Desktop/React_Native_practice/social-fitness-app-laravel-docker/vendor/laravel/framework/src/Illuminate/Foundation/Http/Middleware/PreventRequestsDuringMaintenance.php(110): Illuminate\\Pipeline\\Pipeline->{closure:{closure:Illuminate\\Pipeline\\Pipeline::carry():184}:185}(Object(Illuminate\\Http\\Request))
#27 /Users/uewashuuwa/Desktop/React_Native_practice/social-fitness-app-laravel-docker/vendor/laravel/framework/src/Illuminate/Pipeline/Pipeline.php(209): Illuminate\\Foundation\\Http\\Middleware\\PreventRequestsDuringMaintenance->handle(Object(Illuminate\\Http\\Request), Object(Closure))
#28 /Users/uewashuuwa/Desktop/React_Native_practice/social-fitness-app-laravel-docker/vendor/laravel/framework/src/Illuminate/Pipeline/Pipeline.php(127): Illuminate\\Pipeline\\Pipeline->{closure:{closure:Illuminate\\Pipeline\\Pipeline::carry():184}:185}(Object(Illuminate\\Http\\Request))
#29 /Users/uewashuuwa/Desktop/React_Native_practice/social-fitness-app-laravel-docker/vendor/laravel/framework/src/Illuminate/Foundation/Http/Kernel.php(176): Illuminate\\Pipeline\\Pipeline->then(Object(Closure))
#30 /Users/uewashuuwa/Desktop/React_Native_practice/social-fitness-app-laravel-docker/vendor/laravel/framework/src/Illuminate/Foundation/Http/Kernel.php(145): Illuminate\\Foundation\\Http\\Kernel->sendRequestThroughRouter(Object(Illuminate\\Http\\Request))
#31 /Users/uewashuuwa/Desktop/React_Native_practice/social-fitness-app-laravel-docker/public/index.php(54): Illuminate\\Foundation\\Http\\Kernel->handle(Object(Illuminate\\Http\\Request))
#32 /Users/uewashuuwa/Desktop/React_Native_practice/social-fitness-app-laravel-docker/server.php(21): require_once('/Users/uewashuu...')
#33 {main}
"} 
[2025-03-22 21:13:53] local.ERROR: Header may not contain more than a single header, new line detected {"exception":"[object] (ErrorException(code: 0): Header may not contain more than a single header, new line detected at /Users/uewashuuwa/Desktop/React_Native_practice/social-fitness-app-laravel-docker/vendor/symfony/http-foundation/Response.php:346)
[stacktrace]
#0 /Users/uewashuuwa/Desktop/React_Native_practice/social-fitness-app-laravel-docker/vendor/laravel/framework/src/Illuminate/Foundation/Bootstrap/HandleExceptions.php(256): Illuminate\\Foundation\\Bootstrap\\HandleExceptions->handleError(2, 'Header may not ...', '/Users/uewashuu...', 346)
#1 [internal function]: Illuminate\\Foundation\\Bootstrap\\HandleExceptions->{closure:Illuminate\\Foundation\\Bootstrap\\HandleExceptions::forwardsTo():255}(2, 'Header may not ...', '/Users/uewashuu...', 346)
#2 /Users/uewashuuwa/Desktop/React_Native_practice/social-fitness-app-laravel-docker/vendor/symfony/http-foundation/Response.php(346): header('Location: http:...', false, 302)
#3 /Users/uewashuuwa/Desktop/React_Native_practice/social-fitness-app-laravel-docker/vendor/symfony/http-foundation/Response.php(394): Symfony\\Component\\HttpFoundation\\Response->sendHeaders()
#4 /Users/uewashuuwa/Desktop/React_Native_practice/social-fitness-app-laravel-docker/public/index.php(58): Symfony\\Component\\HttpFoundation\\Response->send()
#5 /Users/uewashuuwa/Desktop/React_Native_practice/social-fitness-app-laravel-docker/server.php(21): require_once('/Users/uewashuu...')
#6 {main}
"} 
