[2025-03-27 18:52:08] local.ERROR: syntax error, unexpected token "return" {"exception":"[object] (ParseError(code: 0): syntax error, unexpected token \"return\" at /Users/uewashuuwa/Desktop/React_Native_practice/social-fitness-app-laravel-docker/routes/api.php:20)
[stacktrace]
#0 /Users/uewashuuwa/Desktop/React_Native_practice/social-fitness-app-laravel-docker/vendor/laravel/framework/src/Illuminate/Routing/Router.php(513): Illuminate\\Routing\\RouteFileRegistrar->register('/Users/uewashuu...')
#1 /Users/uewashuuwa/Desktop/React_Native_practice/social-fitness-app-laravel-docker/vendor/laravel/framework/src/Illuminate/Routing/Router.php(467): Illuminate\\Routing\\Router->loadRoutes('/Users/uewashuu...')
#2 /Users/uewashuuwa/Desktop/React_Native_practice/social-fitness-app-laravel-docker/vendor/laravel/framework/src/Illuminate/Routing/RouteRegistrar.php(207): Illuminate\\Routing\\Router->group(Array, '/Users/uewashuu...')
#3 /Users/uewashuuwa/Desktop/React_Native_practice/social-fitness-app-laravel-docker/app/Providers/RouteServiceProvider.php(71): Illuminate\\Routing\\RouteRegistrar->group('/Users/uewashuu...')
#4 /Users/uewashuuwa/Desktop/React_Native_practice/social-fitness-app-laravel-docker/app/Providers/RouteServiceProvider.php(38): App\\Providers\\RouteServiceProvider->mapApiRoutes()
#5 /Users/uewashuuwa/Desktop/React_Native_practice/social-fitness-app-laravel-docker/vendor/laravel/framework/src/Illuminate/Container/BoundMethod.php(36): App\\Providers\\RouteServiceProvider->map()
#6 /Users/uewashuuwa/Desktop/React_Native_practice/social-fitness-app-laravel-docker/vendor/laravel/framework/src/Illuminate/Container/Util.php(43): Illuminate\\Container\\BoundMethod::{closure:Illuminate\\Container\\BoundMethod::call():35}()
#7 /Users/uewashuuwa/Desktop/React_Native_practice/social-fitness-app-laravel-docker/vendor/laravel/framework/src/Illuminate/Container/BoundMethod.php(95): Illuminate\\Container\\Util::unwrapIfClosure(Object(Closure))
#8 /Users/uewashuuwa/Desktop/React_Native_practice/social-fitness-app-laravel-docker/vendor/laravel/framework/src/Illuminate/Container/BoundMethod.php(35): Illuminate\\Container\\BoundMethod::callBoundMethod(Object(Illuminate\\Foundation\\Application), Array, Object(Closure))
#9 /Users/uewashuuwa/Desktop/React_Native_practice/social-fitness-app-laravel-docker/vendor/laravel/framework/src/Illuminate/Container/Container.php(696): Illuminate\\Container\\BoundMethod::call(Object(Illuminate\\Foundation\\Application), Array, Array, NULL)
#10 /Users/uewashuuwa/Desktop/React_Native_practice/social-fitness-app-laravel-docker/vendor/laravel/framework/src/Illuminate/Foundation/Support/Providers/RouteServiceProvider.php(168): Illuminate\\Container\\Container->call(Array)
#11 /Users/uewashuuwa/Desktop/React_Native_practice/social-fitness-app-laravel-docker/vendor/laravel/framework/src/Illuminate/Foundation/Support/Providers/RouteServiceProvider.php(59): Illuminate\\Foundation\\Support\\Providers\\RouteServiceProvider->loadRoutes()
#12 /Users/uewashuuwa/Desktop/React_Native_practice/social-fitness-app-laravel-docker/vendor/laravel/framework/src/Illuminate/Container/BoundMethod.php(36): Illuminate\\Foundation\\Support\\Providers\\RouteServiceProvider->{closure:Illuminate\\Foundation\\Support\\Providers\\RouteServiceProvider::register():53}()
#13 /Users/uewashuuwa/Desktop/React_Native_practice/social-fitness-app-laravel-docker/vendor/laravel/framework/src/Illuminate/Container/Util.php(43): Illuminate\\Container\\BoundMethod::{closure:Illuminate\\Container\\BoundMethod::call():35}()
#14 /Users/uewashuuwa/Desktop/React_Native_practice/social-fitness-app-laravel-docker/vendor/laravel/framework/src/Illuminate/Container/BoundMethod.php(83): Illuminate\\Container\\Util::unwrapIfClosure(Object(Closure))
#15 /Users/uewashuuwa/Desktop/React_Native_practice/social-fitness-app-laravel-docker/vendor/laravel/framework/src/Illuminate/Container/BoundMethod.php(35): Illuminate\\Container\\BoundMethod::callBoundMethod(Object(Illuminate\\Foundation\\Application), Object(Closure), Object(Closure))
#16 /Users/uewashuuwa/Desktop/React_Native_practice/social-fitness-app-laravel-docker/vendor/laravel/framework/src/Illuminate/Container/Container.php(696): Illuminate\\Container\\BoundMethod::call(Object(Illuminate\\Foundation\\Application), Object(Closure), Array, NULL)
#17 /Users/uewashuuwa/Desktop/React_Native_practice/social-fitness-app-laravel-docker/vendor/laravel/framework/src/Illuminate/Support/ServiceProvider.php(144): Illuminate\\Container\\Container->call(Object(Closure))
#18 /Users/uewashuuwa/Desktop/React_Native_practice/social-fitness-app-laravel-docker/vendor/laravel/framework/src/Illuminate/Foundation/Application.php(1154): Illuminate\\Support\\ServiceProvider->callBootedCallbacks()
#19 /Users/uewashuuwa/Desktop/React_Native_practice/social-fitness-app-laravel-docker/vendor/laravel/framework/src/Illuminate/Foundation/Application.php(1132): Illuminate\\Foundation\\Application->bootProvider(Object(App\\Providers\\RouteServiceProvider))
#20 [internal function]: Illuminate\\Foundation\\Application->{closure:Illuminate\\Foundation\\Application::boot():1131}(Object(App\\Providers\\RouteServiceProvider), 'App\\\\Providers\\\\R...')
#21 /Users/uewashuuwa/Desktop/React_Native_practice/social-fitness-app-laravel-docker/vendor/laravel/framework/src/Illuminate/Foundation/Application.php(1131): array_walk(Array, Object(Closure))
#22 /Users/uewashuuwa/Desktop/React_Native_practice/social-fitness-app-laravel-docker/vendor/laravel/framework/src/Illuminate/Foundation/Bootstrap/BootProviders.php(17): Illuminate\\Foundation\\Application->boot()
#23 /Users/uewashuuwa/Desktop/React_Native_practice/social-fitness-app-laravel-docker/vendor/laravel/framework/src/Illuminate/Foundation/Application.php(342): Illuminate\\Foundation\\Bootstrap\\BootProviders->bootstrap(Object(Illuminate\\Foundation\\Application))
#24 /Users/uewashuuwa/Desktop/React_Native_practice/social-fitness-app-laravel-docker/vendor/laravel/framework/src/Illuminate/Foundation/Http/Kernel.php(187): Illuminate\\Foundation\\Application->bootstrapWith(Array)
#25 /Users/uewashuuwa/Desktop/React_Native_practice/social-fitness-app-laravel-docker/vendor/laravel/framework/src/Illuminate/Foundation/Http/Kernel.php(171): Illuminate\\Foundation\\Http\\Kernel->bootstrap()
#26 /Users/uewashuuwa/Desktop/React_Native_practice/social-fitness-app-laravel-docker/vendor/laravel/framework/src/Illuminate/Foundation/Http/Kernel.php(145): Illuminate\\Foundation\\Http\\Kernel->sendRequestThroughRouter(Object(Illuminate\\Http\\Request))
#27 /Users/uewashuuwa/Desktop/React_Native_practice/social-fitness-app-laravel-docker/public/index.php(54): Illuminate\\Foundation\\Http\\Kernel->handle(Object(Illuminate\\Http\\Request))
#28 /Users/uewashuuwa/Desktop/React_Native_practice/social-fitness-app-laravel-docker/server.php(21): require_once('/Users/uewashuu...')
#29 {main}
"} 
