[2025-03-23 04:38:12] local.ERROR: Database file at path [database.sqlite] does not exist. Ensure this is an absolute path to the database. (Connection: sqlite, SQL: select exists (select 1 from sqlite_master where name = 'migrations' and type = 'table') as "exists") {"exception":"[object] (Illuminate\\Database\\QueryException(code: 0): Database file at path [database.sqlite] does not exist. Ensure this is an absolute path to the database. (Connection: sqlite, SQL: select exists (select 1 from sqlite_master where name = 'migrations' and type = 'table') as \"exists\") at /Users/uewashuuwa/Desktop/React_Native_practice/social-fitness-app-laravel-docker/vendor/laravel/framework/src/Illuminate/Database/Connection.php:825)
[stacktrace]
#0 /Users/uewashuuwa/Desktop/React_Native_practice/social-fitness-app-laravel-docker/vendor/laravel/framework/src/Illuminate/Database/Connection.php(779): Illuminate\\Database\\Connection->runQueryCallback('select exists (...', Array, Object(Closure))
#1 /Users/uewashuuwa/Desktop/React_Native_practice/social-fitness-app-laravel-docker/vendor/laravel/framework/src/Illuminate/Database/Connection.php(398): Illuminate\\Database\\Connection->run('select exists (...', Array, Object(Closure))
#2 /Users/uewashuuwa/Desktop/React_Native_practice/social-fitness-app-laravel-docker/vendor/laravel/framework/src/Illuminate/Database/Connection.php(344): Illuminate\\Database\\Connection->select('select exists (...', Array, true)
#3 /Users/uewashuuwa/Desktop/React_Native_practice/social-fitness-app-laravel-docker/vendor/laravel/framework/src/Illuminate/Database/Connection.php(361): Illuminate\\Database\\Connection->selectOne('select exists (...', Array, true)
#4 /Users/uewashuuwa/Desktop/React_Native_practice/social-fitness-app-laravel-docker/vendor/laravel/framework/src/Illuminate/Database/Schema/SQLiteBuilder.php(44): Illuminate\\Database\\Connection->scalar('select exists (...')
#5 /Users/uewashuuwa/Desktop/React_Native_practice/social-fitness-app-laravel-docker/vendor/laravel/framework/src/Illuminate/Database/Migrations/DatabaseMigrationRepository.php(184): Illuminate\\Database\\Schema\\SQLiteBuilder->hasTable('migrations')
#6 /Users/uewashuuwa/Desktop/React_Native_practice/social-fitness-app-laravel-docker/vendor/laravel/framework/src/Illuminate/Database/Migrations/Migrator.php(742): Illuminate\\Database\\Migrations\\DatabaseMigrationRepository->repositoryExists()
#7 /Users/uewashuuwa/Desktop/React_Native_practice/social-fitness-app-laravel-docker/vendor/laravel/framework/src/Illuminate/Database/Console/Migrations/ResetCommand.php(67): Illuminate\\Database\\Migrations\\Migrator->repositoryExists()
#8 /Users/uewashuuwa/Desktop/React_Native_practice/social-fitness-app-laravel-docker/vendor/laravel/framework/src/Illuminate/Database/Migrations/Migrator.php(658): Illuminate\\Database\\Console\\Migrations\\ResetCommand->{closure:Illuminate\\Database\\Console\\Migrations\\ResetCommand::handle():63}()
#9 /Users/uewashuuwa/Desktop/React_Native_practice/social-fitness-app-laravel-docker/vendor/laravel/framework/src/Illuminate/Database/Console/Migrations/ResetCommand.php(63): Illuminate\\Database\\Migrations\\Migrator->usingConnection(NULL, Object(Closure))
#10 /Users/uewashuuwa/Desktop/React_Native_practice/social-fitness-app-laravel-docker/vendor/laravel/framework/src/Illuminate/Container/BoundMethod.php(36): Illuminate\\Database\\Console\\Migrations\\ResetCommand->handle()
#11 /Users/uewashuuwa/Desktop/React_Native_practice/social-fitness-app-laravel-docker/vendor/laravel/framework/src/Illuminate/Container/Util.php(43): Illuminate\\Container\\BoundMethod::{closure:Illuminate\\Container\\BoundMethod::call():35}()
#12 /Users/uewashuuwa/Desktop/React_Native_practice/social-fitness-app-laravel-docker/vendor/laravel/framework/src/Illuminate/Container/BoundMethod.php(95): Illuminate\\Container\\Util::unwrapIfClosure(Object(Closure))
#13 /Users/uewashuuwa/Desktop/React_Native_practice/social-fitness-app-laravel-docker/vendor/laravel/framework/src/Illuminate/Container/BoundMethod.php(35): Illuminate\\Container\\BoundMethod::callBoundMethod(Object(Illuminate\\Foundation\\Application), Array, Object(Closure))
#14 /Users/uewashuuwa/Desktop/React_Native_practice/social-fitness-app-laravel-docker/vendor/laravel/framework/src/Illuminate/Container/Container.php(696): Illuminate\\Container\\BoundMethod::call(Object(Illuminate\\Foundation\\Application), Array, Array, NULL)
#15 /Users/uewashuuwa/Desktop/React_Native_practice/social-fitness-app-laravel-docker/vendor/laravel/framework/src/Illuminate/Console/Command.php(213): Illuminate\\Container\\Container->call(Array)
#16 /Users/uewashuuwa/Desktop/React_Native_practice/social-fitness-app-laravel-docker/vendor/symfony/console/Command/Command.php(279): Illuminate\\Console\\Command->execute(Object(Symfony\\Component\\Console\\Input\\ArrayInput), Object(Illuminate\\Console\\OutputStyle))
#17 /Users/uewashuuwa/Desktop/React_Native_practice/social-fitness-app-laravel-docker/vendor/laravel/framework/src/Illuminate/Console/Command.php(182): Symfony\\Component\\Console\\Command\\Command->run(Object(Symfony\\Component\\Console\\Input\\ArrayInput), Object(Illuminate\\Console\\OutputStyle))
#18 /Users/uewashuuwa/Desktop/React_Native_practice/social-fitness-app-laravel-docker/vendor/laravel/framework/src/Illuminate/Console/Concerns/CallsCommands.php(68): Illuminate\\Console\\Command->run(Object(Symfony\\Component\\Console\\Input\\ArrayInput), Object(Illuminate\\Console\\OutputStyle))
#19 /Users/uewashuuwa/Desktop/React_Native_practice/social-fitness-app-laravel-docker/vendor/laravel/framework/src/Illuminate/Console/Concerns/CallsCommands.php(29): Illuminate\\Console\\Command->runCommand('migrate:reset', Array, Object(Illuminate\\Console\\OutputStyle))
#20 /Users/uewashuuwa/Desktop/React_Native_practice/social-fitness-app-laravel-docker/vendor/laravel/framework/src/Illuminate/Database/Console/Migrations/RefreshCommand.php(113): Illuminate\\Console\\Command->call('migrate:reset', Array)
#21 /Users/uewashuuwa/Desktop/React_Native_practice/social-fitness-app-laravel-docker/vendor/laravel/framework/src/Illuminate/Database/Console/Migrations/RefreshCommand.php(59): Illuminate\\Database\\Console\\Migrations\\RefreshCommand->runReset(NULL, Array)
#22 /Users/uewashuuwa/Desktop/React_Native_practice/social-fitness-app-laravel-docker/vendor/laravel/framework/src/Illuminate/Container/BoundMethod.php(36): Illuminate\\Database\\Console\\Migrations\\RefreshCommand->handle()
#23 /Users/uewashuuwa/Desktop/React_Native_practice/social-fitness-app-laravel-docker/vendor/laravel/framework/src/Illuminate/Container/Util.php(43): Illuminate\\Container\\BoundMethod::{closure:Illuminate\\Container\\BoundMethod::call():35}()
#24 /Users/uewashuuwa/Desktop/React_Native_practice/social-fitness-app-laravel-docker/vendor/laravel/framework/src/Illuminate/Container/BoundMethod.php(95): Illuminate\\Container\\Util::unwrapIfClosure(Object(Closure))
#25 /Users/uewashuuwa/Desktop/React_Native_practice/social-fitness-app-laravel-docker/vendor/laravel/framework/src/Illuminate/Container/BoundMethod.php(35): Illuminate\\Container\\BoundMethod::callBoundMethod(Object(Illuminate\\Foundation\\Application), Array, Object(Closure))
#26 /Users/uewashuuwa/Desktop/React_Native_practice/social-fitness-app-laravel-docker/vendor/laravel/framework/src/Illuminate/Container/Container.php(696): Illuminate\\Container\\BoundMethod::call(Object(Illuminate\\Foundation\\Application), Array, Array, NULL)
#27 /Users/uewashuuwa/Desktop/React_Native_practice/social-fitness-app-laravel-docker/vendor/laravel/framework/src/Illuminate/Console/Command.php(213): Illuminate\\Container\\Container->call(Array)
#28 /Users/uewashuuwa/Desktop/React_Native_practice/social-fitness-app-laravel-docker/vendor/symfony/console/Command/Command.php(279): Illuminate\\Console\\Command->execute(Object(Symfony\\Component\\Console\\Input\\ArgvInput), Object(Illuminate\\Console\\OutputStyle))
#29 /Users/uewashuuwa/Desktop/React_Native_practice/social-fitness-app-laravel-docker/vendor/laravel/framework/src/Illuminate/Console/Command.php(182): Symfony\\Component\\Console\\Command\\Command->run(Object(Symfony\\Component\\Console\\Input\\ArgvInput), Object(Illuminate\\Console\\OutputStyle))
#30 /Users/uewashuuwa/Desktop/React_Native_practice/social-fitness-app-laravel-docker/vendor/symfony/console/Application.php(1094): Illuminate\\Console\\Command->run(Object(Symfony\\Component\\Console\\Input\\ArgvInput), Object(Symfony\\Component\\Console\\Output\\ConsoleOutput))
#31 /Users/uewashuuwa/Desktop/React_Native_practice/social-fitness-app-laravel-docker/vendor/symfony/console/Application.php(342): Symfony\\Component\\Console\\Application->doRunCommand(Object(Illuminate\\Database\\Console\\Migrations\\RefreshCommand), Object(Symfony\\Component\\Console\\Input\\ArgvInput), Object(Symfony\\Component\\Console\\Output\\ConsoleOutput))
#32 /Users/uewashuuwa/Desktop/React_Native_practice/social-fitness-app-laravel-docker/vendor/symfony/console/Application.php(193): Symfony\\Component\\Console\\Application->doRun(Object(Symfony\\Component\\Console\\Input\\ArgvInput), Object(Symfony\\Component\\Console\\Output\\ConsoleOutput))
#33 /Users/uewashuuwa/Desktop/React_Native_practice/social-fitness-app-laravel-docker/vendor/laravel/framework/src/Illuminate/Foundation/Console/Kernel.php(198): Symfony\\Component\\Console\\Application->run(Object(Symfony\\Component\\Console\\Input\\ArgvInput), Object(Symfony\\Component\\Console\\Output\\ConsoleOutput))
#34 /Users/uewashuuwa/Desktop/React_Native_practice/social-fitness-app-laravel-docker/artisan(35): Illuminate\\Foundation\\Console\\Kernel->handle(Object(Symfony\\Component\\Console\\Input\\ArgvInput), Object(Symfony\\Component\\Console\\Output\\ConsoleOutput))
#35 {main}

[previous exception] [object] (Illuminate\\Database\\SQLiteDatabaseDoesNotExistException(code: 0): Database file at path [database.sqlite] does not exist. Ensure this is an absolute path to the database. at /Users/uewashuuwa/Desktop/React_Native_practice/social-fitness-app-laravel-docker/vendor/laravel/framework/src/Illuminate/Database/Connectors/SQLiteConnector.php:37)
[stacktrace]
#0 /Users/uewashuuwa/Desktop/React_Native_practice/social-fitness-app-laravel-docker/vendor/laravel/framework/src/Illuminate/Database/Connectors/ConnectionFactory.php(224): Illuminate\\Database\\Connectors\\SQLiteConnector->connect(Array)
#1 [internal function]: Illuminate\\Database\\Connectors\\ConnectionFactory->{closure:Illuminate\\Database\\Connectors\\ConnectionFactory::createPdoResolverWithoutHosts():224}()
#2 /Users/uewashuuwa/Desktop/React_Native_practice/social-fitness-app-laravel-docker/vendor/laravel/framework/src/Illuminate/Database/Connection.php(1231): call_user_func(Object(Closure))
#3 /Users/uewashuuwa/Desktop/React_Native_practice/social-fitness-app-laravel-docker/vendor/laravel/framework/src/Illuminate/Database/Connection.php(1267): Illuminate\\Database\\Connection->getPdo()
#4 /Users/uewashuuwa/Desktop/React_Native_practice/social-fitness-app-laravel-docker/vendor/laravel/framework/src/Illuminate/Database/Connection.php(512): Illuminate\\Database\\Connection->getReadPdo()
#5 /Users/uewashuuwa/Desktop/React_Native_practice/social-fitness-app-laravel-docker/vendor/laravel/framework/src/Illuminate/Database/Connection.php(407): Illuminate\\Database\\Connection->getPdoForSelect(true)
#6 /Users/uewashuuwa/Desktop/React_Native_practice/social-fitness-app-laravel-docker/vendor/laravel/framework/src/Illuminate/Database/Connection.php(812): Illuminate\\Database\\Connection->{closure:Illuminate\\Database\\Connection::select():398}('select exists (...', Array)
#7 /Users/uewashuuwa/Desktop/React_Native_practice/social-fitness-app-laravel-docker/vendor/laravel/framework/src/Illuminate/Database/Connection.php(779): Illuminate\\Database\\Connection->runQueryCallback('select exists (...', Array, Object(Closure))
#8 /Users/uewashuuwa/Desktop/React_Native_practice/social-fitness-app-laravel-docker/vendor/laravel/framework/src/Illuminate/Database/Connection.php(398): Illuminate\\Database\\Connection->run('select exists (...', Array, Object(Closure))
#9 /Users/uewashuuwa/Desktop/React_Native_practice/social-fitness-app-laravel-docker/vendor/laravel/framework/src/Illuminate/Database/Connection.php(344): Illuminate\\Database\\Connection->select('select exists (...', Array, true)
#10 /Users/uewashuuwa/Desktop/React_Native_practice/social-fitness-app-laravel-docker/vendor/laravel/framework/src/Illuminate/Database/Connection.php(361): Illuminate\\Database\\Connection->selectOne('select exists (...', Array, true)
#11 /Users/uewashuuwa/Desktop/React_Native_practice/social-fitness-app-laravel-docker/vendor/laravel/framework/src/Illuminate/Database/Schema/SQLiteBuilder.php(44): Illuminate\\Database\\Connection->scalar('select exists (...')
#12 /Users/uewashuuwa/Desktop/React_Native_practice/social-fitness-app-laravel-docker/vendor/laravel/framework/src/Illuminate/Database/Migrations/DatabaseMigrationRepository.php(184): Illuminate\\Database\\Schema\\SQLiteBuilder->hasTable('migrations')
#13 /Users/uewashuuwa/Desktop/React_Native_practice/social-fitness-app-laravel-docker/vendor/laravel/framework/src/Illuminate/Database/Migrations/Migrator.php(742): Illuminate\\Database\\Migrations\\DatabaseMigrationRepository->repositoryExists()
#14 /Users/uewashuuwa/Desktop/React_Native_practice/social-fitness-app-laravel-docker/vendor/laravel/framework/src/Illuminate/Database/Console/Migrations/ResetCommand.php(67): Illuminate\\Database\\Migrations\\Migrator->repositoryExists()
#15 /Users/uewashuuwa/Desktop/React_Native_practice/social-fitness-app-laravel-docker/vendor/laravel/framework/src/Illuminate/Database/Migrations/Migrator.php(658): Illuminate\\Database\\Console\\Migrations\\ResetCommand->{closure:Illuminate\\Database\\Console\\Migrations\\ResetCommand::handle():63}()
#16 /Users/uewashuuwa/Desktop/React_Native_practice/social-fitness-app-laravel-docker/vendor/laravel/framework/src/Illuminate/Database/Console/Migrations/ResetCommand.php(63): Illuminate\\Database\\Migrations\\Migrator->usingConnection(NULL, Object(Closure))
#17 /Users/uewashuuwa/Desktop/React_Native_practice/social-fitness-app-laravel-docker/vendor/laravel/framework/src/Illuminate/Container/BoundMethod.php(36): Illuminate\\Database\\Console\\Migrations\\ResetCommand->handle()
#18 /Users/uewashuuwa/Desktop/React_Native_practice/social-fitness-app-laravel-docker/vendor/laravel/framework/src/Illuminate/Container/Util.php(43): Illuminate\\Container\\BoundMethod::{closure:Illuminate\\Container\\BoundMethod::call():35}()
#19 /Users/uewashuuwa/Desktop/React_Native_practice/social-fitness-app-laravel-docker/vendor/laravel/framework/src/Illuminate/Container/BoundMethod.php(95): Illuminate\\Container\\Util::unwrapIfClosure(Object(Closure))
#20 /Users/uewashuuwa/Desktop/React_Native_practice/social-fitness-app-laravel-docker/vendor/laravel/framework/src/Illuminate/Container/BoundMethod.php(35): Illuminate\\Container\\BoundMethod::callBoundMethod(Object(Illuminate\\Foundation\\Application), Array, Object(Closure))
#21 /Users/uewashuuwa/Desktop/React_Native_practice/social-fitness-app-laravel-docker/vendor/laravel/framework/src/Illuminate/Container/Container.php(696): Illuminate\\Container\\BoundMethod::call(Object(Illuminate\\Foundation\\Application), Array, Array, NULL)
#22 /Users/uewashuuwa/Desktop/React_Native_practice/social-fitness-app-laravel-docker/vendor/laravel/framework/src/Illuminate/Console/Command.php(213): Illuminate\\Container\\Container->call(Array)
#23 /Users/uewashuuwa/Desktop/React_Native_practice/social-fitness-app-laravel-docker/vendor/symfony/console/Command/Command.php(279): Illuminate\\Console\\Command->execute(Object(Symfony\\Component\\Console\\Input\\ArrayInput), Object(Illuminate\\Console\\OutputStyle))
#24 /Users/uewashuuwa/Desktop/React_Native_practice/social-fitness-app-laravel-docker/vendor/laravel/framework/src/Illuminate/Console/Command.php(182): Symfony\\Component\\Console\\Command\\Command->run(Object(Symfony\\Component\\Console\\Input\\ArrayInput), Object(Illuminate\\Console\\OutputStyle))
#25 /Users/uewashuuwa/Desktop/React_Native_practice/social-fitness-app-laravel-docker/vendor/laravel/framework/src/Illuminate/Console/Concerns/CallsCommands.php(68): Illuminate\\Console\\Command->run(Object(Symfony\\Component\\Console\\Input\\ArrayInput), Object(Illuminate\\Console\\OutputStyle))
#26 /Users/uewashuuwa/Desktop/React_Native_practice/social-fitness-app-laravel-docker/vendor/laravel/framework/src/Illuminate/Console/Concerns/CallsCommands.php(29): Illuminate\\Console\\Command->runCommand('migrate:reset', Array, Object(Illuminate\\Console\\OutputStyle))
#27 /Users/uewashuuwa/Desktop/React_Native_practice/social-fitness-app-laravel-docker/vendor/laravel/framework/src/Illuminate/Database/Console/Migrations/RefreshCommand.php(113): Illuminate\\Console\\Command->call('migrate:reset', Array)
#28 /Users/uewashuuwa/Desktop/React_Native_practice/social-fitness-app-laravel-docker/vendor/laravel/framework/src/Illuminate/Database/Console/Migrations/RefreshCommand.php(59): Illuminate\\Database\\Console\\Migrations\\RefreshCommand->runReset(NULL, Array)
#29 /Users/uewashuuwa/Desktop/React_Native_practice/social-fitness-app-laravel-docker/vendor/laravel/framework/src/Illuminate/Container/BoundMethod.php(36): Illuminate\\Database\\Console\\Migrations\\RefreshCommand->handle()
#30 /Users/uewashuuwa/Desktop/React_Native_practice/social-fitness-app-laravel-docker/vendor/laravel/framework/src/Illuminate/Container/Util.php(43): Illuminate\\Container\\BoundMethod::{closure:Illuminate\\Container\\BoundMethod::call():35}()
#31 /Users/uewashuuwa/Desktop/React_Native_practice/social-fitness-app-laravel-docker/vendor/laravel/framework/src/Illuminate/Container/BoundMethod.php(95): Illuminate\\Container\\Util::unwrapIfClosure(Object(Closure))
#32 /Users/uewashuuwa/Desktop/React_Native_practice/social-fitness-app-laravel-docker/vendor/laravel/framework/src/Illuminate/Container/BoundMethod.php(35): Illuminate\\Container\\BoundMethod::callBoundMethod(Object(Illuminate\\Foundation\\Application), Array, Object(Closure))
#33 /Users/uewashuuwa/Desktop/React_Native_practice/social-fitness-app-laravel-docker/vendor/laravel/framework/src/Illuminate/Container/Container.php(696): Illuminate\\Container\\BoundMethod::call(Object(Illuminate\\Foundation\\Application), Array, Array, NULL)
#34 /Users/uewashuuwa/Desktop/React_Native_practice/social-fitness-app-laravel-docker/vendor/laravel/framework/src/Illuminate/Console/Command.php(213): Illuminate\\Container\\Container->call(Array)
#35 /Users/uewashuuwa/Desktop/React_Native_practice/social-fitness-app-laravel-docker/vendor/symfony/console/Command/Command.php(279): Illuminate\\Console\\Command->execute(Object(Symfony\\Component\\Console\\Input\\ArgvInput), Object(Illuminate\\Console\\OutputStyle))
#36 /Users/uewashuuwa/Desktop/React_Native_practice/social-fitness-app-laravel-docker/vendor/laravel/framework/src/Illuminate/Console/Command.php(182): Symfony\\Component\\Console\\Command\\Command->run(Object(Symfony\\Component\\Console\\Input\\ArgvInput), Object(Illuminate\\Console\\OutputStyle))
#37 /Users/uewashuuwa/Desktop/React_Native_practice/social-fitness-app-laravel-docker/vendor/symfony/console/Application.php(1094): Illuminate\\Console\\Command->run(Object(Symfony\\Component\\Console\\Input\\ArgvInput), Object(Symfony\\Component\\Console\\Output\\ConsoleOutput))
#38 /Users/uewashuuwa/Desktop/React_Native_practice/social-fitness-app-laravel-docker/vendor/symfony/console/Application.php(342): Symfony\\Component\\Console\\Application->doRunCommand(Object(Illuminate\\Database\\Console\\Migrations\\RefreshCommand), Object(Symfony\\Component\\Console\\Input\\ArgvInput), Object(Symfony\\Component\\Console\\Output\\ConsoleOutput))
#39 /Users/uewashuuwa/Desktop/React_Native_practice/social-fitness-app-laravel-docker/vendor/symfony/console/Application.php(193): Symfony\\Component\\Console\\Application->doRun(Object(Symfony\\Component\\Console\\Input\\ArgvInput), Object(Symfony\\Component\\Console\\Output\\ConsoleOutput))
#40 /Users/uewashuuwa/Desktop/React_Native_practice/social-fitness-app-laravel-docker/vendor/laravel/framework/src/Illuminate/Foundation/Console/Kernel.php(198): Symfony\\Component\\Console\\Application->run(Object(Symfony\\Component\\Console\\Input\\ArgvInput), Object(Symfony\\Component\\Console\\Output\\ConsoleOutput))
#41 /Users/uewashuuwa/Desktop/React_Native_practice/social-fitness-app-laravel-docker/artisan(35): Illuminate\\Foundation\\Console\\Kernel->handle(Object(Symfony\\Component\\Console\\Input\\ArgvInput), Object(Symfony\\Component\\Console\\Output\\ConsoleOutput))
#42 {main}
"} 
